This is pdfTeX, Version 3.14159265-2.6-1.40.20 (MiKTeX 2.9.7250 64-bit) (preloaded format=pdflatex 2020.8.22)  17 NOV 2024 14:03
entering extended mode
**./Dedekind-Finite.tex
(Dedekind-Finite.tex
LaTeX2e <2019-10-01> patch level 3

! Package inputenc Error: Unicode character –ê (U+0410)
(inputenc)                not set up for use with LaTeX.

See the inputenc package documentation for explanation.
Type  H <return>  for immediate help.
 ...                                              
                                                  
l.3 –ê
      —Å—Å–æ—Ü–∏–∞—Ç–∏–≤–Ω–æ–µ –∫–æ–ª—å—Ü–æ $ R $ —Å –¥–≤—É—Å—Ç–æ—Ä–æ–Ω–Ω–µ–...

You may provide a definition with
\DeclareUnicodeCharacter 


! Package inputenc Error: Unicode character —Å (U+0441)
(inputenc)                not set up for use with LaTeX.

See the inputenc package documentation for explanation.
Type  H <return>  for immediate help.
 ...                                              
                                                  
l.3 –ê—Å
        —Å–æ—Ü–∏–∞—Ç–∏–≤–Ω–æ–µ –∫–æ–ª—å—Ü–æ $ R $ —Å –¥–≤—É—Å—Ç–æ—Ä–æ–Ω–Ω–µ–...

You may provide a definition with
\DeclareUnicodeCharacter 


! Package inputenc Error: Unicode character —Å (U+0441)
(inputenc)                not set up for use with LaTeX.

See the inputenc package documentation for explanation.
Type  H <return>  for immediate help.
 ...                                              
                                                  
l.3 –ê—Å—Å
          –æ—Ü–∏–∞—Ç–∏–≤–Ω–æ–µ –∫–æ–ª—å—Ü–æ $ R $ —Å –¥–≤—É—Å—Ç–æ—Ä–æ–Ω–Ω–µ–...

You may provide a definition with
\DeclareUnicodeCharacter 


! Package inputenc Error: Unicode character –æ (U+043E)
(inputenc)                not set up for use with LaTeX.

See the inputenc package documentation for explanation.
Type  H <return>  for immediate help.
 ...                                              
                                                  
l.3 –ê—Å—Å–æ
            —Ü–∏–∞—Ç–∏–≤–Ω–æ–µ –∫–æ–ª—å—Ü–æ $ R $ —Å –¥–≤—É—Å—Ç–æ—Ä–æ–Ω–Ω–µ–...

You may provide a definition with
\DeclareUnicodeCharacter 


! Package inputenc Error: Unicode character —Ü (U+0446)
(inputenc)                not set up for use with LaTeX.

See the inputenc package documentation for explanation.
Type  H <return>  for immediate help.
 ...                                              
                                                  
l.3 –ê—Å—Å–æ—Ü
              –∏–∞—Ç–∏–≤–Ω–æ–µ –∫–æ–ª—å—Ü–æ $ R $ —Å –¥–≤—É—Å—Ç–æ—Ä–æ–Ω–Ω–µ–...

You may provide a definition with
\DeclareUnicodeCharacter 


! Package inputenc Error: Unicode character –∏ (U+0438)
(inputenc)                not set up for use with LaTeX.

See the inputenc package documentation for explanation.
Type  H <return>  for immediate help.
 ...                                              
                                                  
l.3 –ê—Å—Å–æ—Ü–∏
                –∞—Ç–∏–≤–Ω–æ–µ –∫–æ–ª—å—Ü–æ $ R $ —Å –¥–≤—É—Å—Ç–æ—Ä–æ–Ω–Ω–µ–...

You may provide a definition with
\DeclareUnicodeCharacter 


! Package inputenc Error: Unicode character –∞ (U+0430)
(inputenc)                not set up for use with LaTeX.

See the inputenc package documentation for explanation.
Type  H <return>  for immediate help.
 ...                                              
                                                  
l.3 –ê—Å—Å–æ—Ü–∏–∞
                  —Ç–∏–≤–Ω–æ–µ –∫–æ–ª—å—Ü–æ $ R $ —Å –¥–≤—É—Å—Ç–æ—Ä–æ–Ω–Ω–µ–...

You may provide a definition with
\DeclareUnicodeCharacter 


! Package inputenc Error: Unicode character —Ç (U+0442)
(inputenc)                not set up for use with LaTeX.

See the inputenc package documentation for explanation.
Type  H <return>  for immediate help.
 ...                                              
                                                  
l.3 –ê—Å—Å–æ—Ü–∏–∞—Ç
                    –∏–≤–Ω–æ–µ –∫–æ–ª—å—Ü–æ $ R $ —Å –¥–≤—É—Å—Ç–æ—Ä–æ–Ω–Ω–µ–...

You may provide a definition with
\DeclareUnicodeCharacter 


! Package inputenc Error: Unicode character –∏ (U+0438)
(inputenc)                not set up for use with LaTeX.

See the inputenc package documentation for explanation.
Type  H <return>  for immediate help.
 ...                                              
                                                  
l.3 –ê—Å—Å–æ—Ü–∏–∞—Ç–∏
                      –≤–Ω–æ–µ –∫–æ–ª—å—Ü–æ $ R $ —Å –¥–≤—É—Å—Ç–æ—Ä–æ–Ω–Ω–µ–...

You may provide a definition with
\DeclareUnicodeCharacter 


! Package inputenc Error: Unicode character –≤ (U+0432)
(inputenc)                not set up for use with LaTeX.

See the inputenc package documentation for explanation.
Type  H <return>  for immediate help.
 ...                                              
                                                  
l.3 –ê—Å—Å–æ—Ü–∏–∞—Ç–∏–≤
                        –Ω–æ–µ –∫–æ–ª—å—Ü–æ $ R $ —Å –¥–≤—É—Å—Ç–æ—Ä–æ–Ω–Ω–µ–...

You may provide a definition with
\DeclareUnicodeCharacter 


! Package inputenc Error: Unicode character –Ω (U+043D)
(inputenc)                not set up for use with LaTeX.

See the inputenc package documentation for explanation.
Type  H <return>  for immediate help.
 ...                                              
                                                  
l.3 –ê—Å—Å–æ—Ü–∏–∞—Ç–∏–≤–Ω
                          –æ–µ –∫–æ–ª—å—Ü–æ $ R $ —Å –¥–≤—É—Å—Ç–æ—Ä–æ–Ω–Ω–µ–...

You may provide a definition with
\DeclareUnicodeCharacter 


! Package inputenc Error: Unicode character –æ (U+043E)
(inputenc)                not set up for use with LaTeX.

See the inputenc package documentation for explanation.
Type  H <return>  for immediate help.
 ...                                              
                                                  
l.3 –ê—Å—Å–æ—Ü–∏–∞—Ç–∏–≤–Ω–æ
                            –µ –∫–æ–ª—å—Ü–æ $ R $ —Å –¥–≤—É—Å—Ç–æ—Ä–æ–Ω–Ω–µ–...

You may provide a definition with
\DeclareUnicodeCharacter 


! Package inputenc Error: Unicode character –µ (U+0435)
(inputenc)                not set up for use with LaTeX.

See the inputenc package documentation for explanation.
Type  H <return>  for immediate help.
 ...                                              
                                                  
l.3 –ê—Å—Å–æ—Ü–∏–∞—Ç–∏–≤–Ω–æ–µ
                               –∫–æ–ª—å—Ü–æ $ R $ —Å –¥–≤—É—Å—Ç–æ—Ä–æ–Ω–Ω–µ–...

You may provide a definition with
\DeclareUnicodeCharacter 


! Package inputenc Error: Unicode character –∫ (U+043A)
(inputenc)                not set up for use with LaTeX.

See the inputenc package documentation for explanation.
Type  H <return>  for immediate help.
 ...                                              
                                                  
l.3 –ê—Å—Å–æ—Ü–∏–∞—Ç–∏–≤–Ω–æ–µ –∫
                                 –æ–ª—å—Ü–æ $ R $ —Å –¥–≤—É—Å—Ç–æ—Ä–æ–Ω–Ω–µ–...

You may provide a definition with
\DeclareUnicodeCharacter 


! Package inputenc Error: Unicode character –æ (U+043E)
(inputenc)                not set up for use with LaTeX.

See the inputenc package documentation for explanation.
Type  H <return>  for immediate help.
 ...                                              
                                                  
l.3 –ê—Å—Å–æ—Ü–∏–∞—Ç–∏–≤–Ω–æ–µ –∫–æ
                                   –ª—å—Ü–æ $ R $ —Å –¥–≤—É—Å—Ç–æ—Ä–æ–Ω–Ω–µ–...

You may provide a definition with
\DeclareUnicodeCharacter 


! Package inputenc Error: Unicode character –ª (U+043B)
(inputenc)                not set up for use with LaTeX.

See the inputenc package documentation for explanation.
Type  H <return>  for immediate help.
 ...                                              
                                                  
l.3 –ê—Å—Å–æ—Ü–∏–∞—Ç–∏–≤–Ω–æ–µ –∫–æ–ª
                                     —å—Ü–æ $ R $ —Å –¥–≤—É—Å—Ç–æ—Ä–æ–Ω–Ω–µ–...

You may provide a definition with
\DeclareUnicodeCharacter 


! Package inputenc Error: Unicode character —å (U+044C)
(inputenc)                not set up for use with LaTeX.

See the inputenc package documentation for explanation.
Type  H <return>  for immediate help.
 ...                                              
                                                  
l.3 –ê—Å—Å–æ—Ü–∏–∞—Ç–∏–≤–Ω–æ–µ –∫–æ–ª—å
                                       —Ü–æ $ R $ —Å –¥–≤—É—Å—Ç–æ—Ä–æ–Ω–Ω–µ–...

You may provide a definition with
\DeclareUnicodeCharacter 


! Package inputenc Error: Unicode character —Ü (U+0446)
(inputenc)                not set up for use with LaTeX.

See the inputenc package documentation for explanation.
Type  H <return>  for immediate help.
 ...                                              
                                                  
l.3 –ê—Å—Å–æ—Ü–∏–∞—Ç–∏–≤–Ω–æ–µ –∫–æ–ª—å—Ü
                                         –æ $ R $ —Å –¥–≤—É—Å—Ç–æ—Ä–æ–Ω–Ω–µ–...

You may provide a definition with
\DeclareUnicodeCharacter 


! Package inputenc Error: Unicode character –æ (U+043E)
(inputenc)                not set up for use with LaTeX.

See the inputenc package documentation for explanation.
Type  H <return>  for immediate help.
 ...                                              
                                                  
l.3 –ê—Å—Å–æ—Ü–∏–∞—Ç–∏–≤–Ω–æ–µ –∫–æ–ª—å—Ü–æ
                                            $ R $ —Å –¥–≤—É—Å—Ç–æ—Ä–æ–Ω–Ω–µ–...

You may provide a definition with
\DeclareUnicodeCharacter 


! LaTeX Error: Missing \begin{document}.

See the LaTeX manual or LaTeX Companion for explanation.
Type  H <return>  for immediate help.
 ...                                              
                                                  
l.3 –ê—Å—Å–æ—Ü–∏–∞—Ç–∏–≤–Ω–æ–µ –∫–æ–ª—å—Ü–æ $
                                              R $ —Å –¥–≤—É—Å—Ç–æ—Ä–æ–Ω–Ω–µ–...

You're in trouble here.  Try typing  <return>  to proceed.
If that doesn't work, type  X <return>  to quit.

LaTeX Font Info:    External font `cmex10' loaded for size
(Font)              <7> on input line 3.
LaTeX Font Info:    External font `cmex10' loaded for size
(Font)              <5> on input line 3.

! Package inputenc Error: Unicode character —Å (U+0441)
(inputenc)                not set up for use with LaTeX.

See the inputenc package documentation for explanation.
Type  H <return>  for immediate help.
 ...                                              
                                                  
l.3 ...Å–æ—Ü–∏–∞—Ç–∏–≤–Ω–æ–µ –∫–æ–ª—å—Ü–æ $ R $ —Å
                                                   –¥–≤—É—Å—Ç–æ—Ä–æ–Ω–Ω–µ–π ...

You may provide a definition with
\DeclareUnicodeCharacter 


! Package inputenc Error: Unicode character –¥ (U+0434)
(inputenc)                not set up for use with LaTeX.

See the inputenc package documentation for explanation.
Type  H <return>  for immediate help.
 ...                                              
                                                  
l.3 ...—Ü–∏–∞—Ç–∏–≤–Ω–æ–µ –∫–æ–ª—å—Ü–æ $ R $ —Å –¥
                                                  –≤—É—Å—Ç–æ—Ä–æ–Ω–Ω–µ–π –µ–...

You may provide a definition with
\DeclareUnicodeCharacter 


! Package inputenc Error: Unicode character –≤ (U+0432)
(inputenc)                not set up for use with LaTeX.

See the inputenc package documentation for explanation.
Type  H <return>  for immediate help.
 ...                                              
                                                  
l.3 ...–∏–∞—Ç–∏–≤–Ω–æ–µ –∫–æ–ª—å—Ü–æ $ R $ —Å –¥–≤
                                                  —É—Å—Ç–æ—Ä–æ–Ω–Ω–µ–π –µ–¥–...

You may provide a definition with
\DeclareUnicodeCharacter 


! Package inputenc Error: Unicode character —É (U+0443)
(inputenc)                not set up for use with LaTeX.

See the inputenc package documentation for explanation.
Type  H <return>  for immediate help.
 ...                                              
                                                  
l.3 ...–∞—Ç–∏–≤–Ω–æ–µ –∫–æ–ª—å—Ü–æ $ R $ —Å –¥–≤—É
                                                  —Å—Ç–æ—Ä–æ–Ω–Ω–µ–π –µ–¥–∏–...

You may provide a definition with
\DeclareUnicodeCharacter 


! Package inputenc Error: Unicode character —Å (U+0441)
(inputenc)                not set up for use with LaTeX.

See the inputenc package documentation for explanation.
Type  H <return>  for immediate help.
 ...                                              
                                                  
l.3 ...—Ç–∏–≤–Ω–æ–µ –∫–æ–ª—å—Ü–æ $ R $ —Å –¥–≤—É—Å
                                                  —Ç–æ—Ä–æ–Ω–Ω–µ–π –µ–¥–∏–Ω–...

You may provide a definition with
\DeclareUnicodeCharacter 


! Package inputenc Error: Unicode character —Ç (U+0442)
(inputenc)                not set up for use with LaTeX.

See the inputenc package documentation for explanation.
Type  H <return>  for immediate help.
 ...                                              
                                                  
l.3 ...–∏–≤–Ω–æ–µ –∫–æ–ª—å—Ü–æ $ R $ —Å –¥–≤—É—Å—Ç
                                                  –æ—Ä–æ–Ω–Ω–µ–π –µ–¥–∏–Ω–∏—...

You may provide a definition with
\DeclareUnicodeCharacter 


! Package inputenc Error: Unicode character –æ (U+043E)
(inputenc)                not set up for use with LaTeX.

See the inputenc package documentation for explanation.
Type  H <return>  for immediate help.
 ...                                              
                                                  
l.3 ...–≤–Ω–æ–µ –∫–æ–ª—å—Ü–æ $ R $ —Å –¥–≤—É—Å—Ç–æ
                                                  —Ä–æ–Ω–Ω–µ–π –µ–¥–∏–Ω–∏—Ü–...

You may provide a definition with
\DeclareUnicodeCharacter 


! Package inputenc Error: Unicode character —Ä (U+0440)
(inputenc)                not set up for use with LaTeX.

See the inputenc package documentation for explanation.
Type  H <return>  for immediate help.
 ...                                              
                                                  
l.3 ...–Ω–æ–µ –∫–æ–ª—å—Ü–æ $ R $ —Å –¥–≤—É—Å—Ç–æ—Ä
                                                  –æ–Ω–Ω–µ–π –µ–¥–∏–Ω–∏—Ü–µ–...

You may provide a definition with
\DeclareUnicodeCharacter 


! Package inputenc Error: Unicode character –æ (U+043E)
(inputenc)                not set up for use with LaTeX.

See the inputenc package documentation for explanation.
Type  H <return>  for immediate help.
 ...                                              
                                                  
l.3 ...–æ–µ –∫–æ–ª—å—Ü–æ $ R $ —Å –¥–≤—É—Å—Ç–æ—Ä–æ
                                                  –Ω–Ω–µ–π –µ–¥–∏–Ω–∏—Ü–µ–π ...

You may provide a definition with
\DeclareUnicodeCharacter 


! Package inputenc Error: Unicode character –Ω (U+043D)
(inputenc)                not set up for use with LaTeX.

See the inputenc package documentation for explanation.
Type  H <return>  for immediate help.
 ...                                              
                                                  
l.3 ...–µ –∫–æ–ª—å—Ü–æ $ R $ —Å –¥–≤—É—Å—Ç–æ—Ä–æ–Ω
                                                  –Ω–µ–π –µ–¥–∏–Ω–∏—Ü–µ–π –Ω...

You may provide a definition with
\DeclareUnicodeCharacter 


! Package inputenc Error: Unicode character –Ω (U+043D)
(inputenc)                not set up for use with LaTeX.

See the inputenc package documentation for explanation.
Type  H <return>  for immediate help.
 ...                                              
                                                  
l.3 ... –∫–æ–ª—å—Ü–æ $ R $ —Å –¥–≤—É—Å—Ç–æ—Ä–æ–Ω–Ω
                                                  –µ–π –µ–¥–∏–Ω–∏—Ü–µ–π –Ω–∞...

You may provide a definition with
\DeclareUnicodeCharacter 


! Package inputenc Error: Unicode character –µ (U+0435)
(inputenc)                not set up for use with LaTeX.

See the inputenc package documentation for explanation.
Type  H <return>  for immediate help.
 ...                                              
                                                  
l.3 ...∫–æ–ª—å—Ü–æ $ R $ —Å –¥–≤—É—Å—Ç–æ—Ä–æ–Ω–Ω–µ
                                                  –π –µ–¥–∏–Ω–∏—Ü–µ–π –Ω–∞–∑...

You may provide a definition with
\DeclareUnicodeCharacter 


! Package inputenc Error: Unicode character –π (U+0439)
(inputenc)                not set up for use with LaTeX.

See the inputenc package documentation for explanation.
Type  H <return>  for immediate help.
 ...                                              
                                                  
l.3 ...æ–ª—å—Ü–æ $ R $ —Å –¥–≤—É—Å—Ç–æ—Ä–æ–Ω–Ω–µ–π
                                                   –µ–¥–∏–Ω–∏—Ü–µ–π –Ω–∞–∑—ã...

You may provide a definition with
\DeclareUnicodeCharacter 


! Package inputenc Error: Unicode character –µ (U+0435)
(inputenc)                not set up for use with LaTeX.

See the inputenc package documentation for explanation.
Type  H <return>  for immediate help.
 ...                                              
                                                  
l.3 ...—å—Ü–æ $ R $ —Å –¥–≤—É—Å—Ç–æ—Ä–æ–Ω–Ω–µ–π –µ
                                                  –¥–∏–Ω–∏—Ü–µ–π –Ω–∞–∑—ã–≤–...

You may provide a definition with
\DeclareUnicodeCharacter 


! Package inputenc Error: Unicode character –¥ (U+0434)
(inputenc)                not set up for use with LaTeX.

See the inputenc package documentation for explanation.
Type  H <return>  for immediate help.
 ...                                              
                                                  
l.3 ...—Ü–æ $ R $ —Å –¥–≤—É—Å—Ç–æ—Ä–æ–Ω–Ω–µ–π –µ–¥
                                                  –∏–Ω–∏—Ü–µ–π –Ω–∞–∑—ã–≤–∞–...

You may provide a definition with
\DeclareUnicodeCharacter 


! Package inputenc Error: Unicode character –∏ (U+0438)
(inputenc)                not set up for use with LaTeX.

See the inputenc package documentation for explanation.
Type  H <return>  for immediate help.
 ...                                              
                                                  
l.3 ...–æ $ R $ —Å –¥–≤—É—Å—Ç–æ—Ä–æ–Ω–Ω–µ–π –µ–¥–∏
                                                  –Ω–∏—Ü–µ–π –Ω–∞–∑—ã–≤–∞–µ—...

You may provide a definition with
\DeclareUnicodeCharacter 


! Package inputenc Error: Unicode character –Ω (U+043D)
(inputenc)                not set up for use with LaTeX.

See the inputenc package documentation for explanation.
Type  H <return>  for immediate help.
 ...                                              
                                                  
l.3 ... $ R $ —Å –¥–≤—É—Å—Ç–æ—Ä–æ–Ω–Ω–µ–π –µ–¥–∏–Ω
                                                  –∏—Ü–µ–π –Ω–∞–∑—ã–≤–∞–µ—Ç—...

You may provide a definition with
\DeclareUnicodeCharacter 


! Package inputenc Error: Unicode character –∏ (U+0438)
(inputenc)                not set up for use with LaTeX.

See the inputenc package documentation for explanation.
Type  H <return>  for immediate help.
 ...                                              
                                                  
l.3 ... R $ —Å –¥–≤—É—Å—Ç–æ—Ä–æ–Ω–Ω–µ–π –µ–¥–∏–Ω–∏
                                                  —Ü–µ–π –Ω–∞–∑—ã–≤–∞–µ—Ç—Å—...

You may provide a definition with
\DeclareUnicodeCharacter 


! Package inputenc Error: Unicode character —Ü (U+0446)
(inputenc)                not set up for use with LaTeX.

See the inputenc package documentation for explanation.
Type  H <return>  for immediate help.
 ...                                              
                                                  
l.3 ... $ —Å –¥–≤—É—Å—Ç–æ—Ä–æ–Ω–Ω–µ–π –µ–¥–∏–Ω–∏—Ü
                                                  –µ–π –Ω–∞–∑—ã–≤–∞–µ—Ç—Å—è ...

You may provide a definition with
\DeclareUnicodeCharacter 


! Package inputenc Error: Unicode character –µ (U+0435)
(inputenc)                not set up for use with LaTeX.

See the inputenc package documentation for explanation.
Type  H <return>  for immediate help.
 ...                                              
                                                  
l.3 ... —Å –¥–≤—É—Å—Ç–æ—Ä–æ–Ω–Ω–µ–π –µ–¥–∏–Ω–∏—Ü–µ
                                                  –π –Ω–∞–∑—ã–≤–∞–µ—Ç—Å—è \t...

You may provide a definition with
\DeclareUnicodeCharacter 


! Package inputenc Error: Unicode character –π (U+0439)
(inputenc)                not set up for use with LaTeX.

See the inputenc package documentation for explanation.
Type  H <return>  for immediate help.
 ...                                              
                                                  
l.3 ...Å –¥–≤—É—Å—Ç–æ—Ä–æ–Ω–Ω–µ–π –µ–¥–∏–Ω–∏—Ü–µ–π
                                                   –Ω–∞–∑—ã–≤–∞–µ—Ç—Å—è \tex...

You may provide a definition with
\DeclareUnicodeCharacter 


! Package inputenc Error: Unicode character –Ω (U+043D)
(inputenc)                not set up for use with LaTeX.

See the inputenc package documentation for explanation.
Type  H <return>  for immediate help.
 ...                                              
                                                  
l.3 ...¥–≤—É—Å—Ç–æ—Ä–æ–Ω–Ω–µ–π –µ–¥–∏–Ω–∏—Ü–µ–π –Ω
                                                  –∞–∑—ã–≤–∞–µ—Ç—Å—è \textit...

You may provide a definition with
\DeclareUnicodeCharacter 


! Package inputenc Error: Unicode character –∞ (U+0430)
(inputenc)                not set up for use with LaTeX.

See the inputenc package documentation for explanation.
Type  H <return>  for immediate help.
 ...                                              
                                                  
l.3 ...≤—É—Å—Ç–æ—Ä–æ–Ω–Ω–µ–π –µ–¥–∏–Ω–∏—Ü–µ–π –Ω–∞
                                                  –∑—ã–≤–∞–µ—Ç—Å—è \textit{–...

You may provide a definition with
\DeclareUnicodeCharacter 


! Package inputenc Error: Unicode character –∑ (U+0437)
(inputenc)                not set up for use with LaTeX.

See the inputenc package documentation for explanation.
Type  H <return>  for immediate help.
 ...                                              
                                                  
l.3 ...É—Å—Ç–æ—Ä–æ–Ω–Ω–µ–π –µ–¥–∏–Ω–∏—Ü–µ–π –Ω–∞–∑
                                                  —ã–≤–∞–µ—Ç—Å—è \textit{–î–...

You may provide a definition with
\DeclareUnicodeCharacter 


! Package inputenc Error: Unicode character —ã (U+044B)
(inputenc)                not set up for use with LaTeX.

See the inputenc package documentation for explanation.
Type  H <return>  for immediate help.
 ...                                              
                                                  
l.3 ...Å—Ç–æ—Ä–æ–Ω–Ω–µ–π –µ–¥–∏–Ω–∏—Ü–µ–π –Ω–∞–∑—ã
                                                  –≤–∞–µ—Ç—Å—è \textit{–î–µ–...

You may provide a definition with
\DeclareUnicodeCharacter 


! Package inputenc Error: Unicode character –≤ (U+0432)
(inputenc)                not set up for use with LaTeX.

See the inputenc package documentation for explanation.
Type  H <return>  for immediate help.
 ...                                              
                                                  
l.3 ...Ç–æ—Ä–æ–Ω–Ω–µ–π –µ–¥–∏–Ω–∏—Ü–µ–π –Ω–∞–∑—ã–≤
                                                  –∞–µ—Ç—Å—è \textit{–î–µ–¥–...

You may provide a definition with
\DeclareUnicodeCharacter 


! Package inputenc Error: Unicode character –∞ (U+0430)
(inputenc)                not set up for use with LaTeX.

See the inputenc package documentation for explanation.
Type  H <return>  for immediate help.
 ...                                              
                                                  
l.3 ...æ—Ä–æ–Ω–Ω–µ–π –µ–¥–∏–Ω–∏—Ü–µ–π –Ω–∞–∑—ã–≤–∞
                                                  –µ—Ç—Å—è \textit{–î–µ–¥–µ–...

You may provide a definition with
\DeclareUnicodeCharacter 


! Package inputenc Error: Unicode character –µ (U+0435)
(inputenc)                not set up for use with LaTeX.

See the inputenc package documentation for explanation.
Type  H <return>  for immediate help.
 ...                                              
                                                  
l.3 ...Ä–æ–Ω–Ω–µ–π –µ–¥–∏–Ω–∏—Ü–µ–π –Ω–∞–∑—ã–≤–∞–µ
                                                  —Ç—Å—è \textit{–î–µ–¥–µ–∫–...

You may provide a definition with
\DeclareUnicodeCharacter 


! Package inputenc Error: Unicode character —Ç (U+0442)
(inputenc)                not set up for use with LaTeX.

See the inputenc package documentation for explanation.
Type  H <return>  for immediate help.
 ...                                              
                                                  
l.3 ...æ–Ω–Ω–µ–π –µ–¥–∏–Ω–∏—Ü–µ–π –Ω–∞–∑—ã–≤–∞–µ—Ç
                                                  —Å—è \textit{–î–µ–¥–µ–∫–∏–...

You may provide a definition with
\DeclareUnicodeCharacter 


! Package inputenc Error: Unicode character —Å (U+0441)
(inputenc)                not set up for use with LaTeX.

See the inputenc package documentation for explanation.
Type  H <return>  for immediate help.
 ...                                              
                                                  
l.3 ...Ω–Ω–µ–π –µ–¥–∏–Ω–∏—Ü–µ–π –Ω–∞–∑—ã–≤–∞–µ—Ç—Å
                                                  —è \textit{–î–µ–¥–µ–∫–∏–Ω–...

You may provide a definition with
\DeclareUnicodeCharacter 


! Package inputenc Error: Unicode character —è (U+044F)
(inputenc)                not set up for use with LaTeX.

See the inputenc package documentation for explanation.
Type  H <return>  for immediate help.
 ...                                              
                                                  
l.3 ...Ω–µ–π –µ–¥–∏–Ω–∏—Ü–µ–π –Ω–∞–∑—ã–≤–∞–µ—Ç—Å—è
                                                   \textit{–î–µ–¥–µ–∫–∏–Ω–¥-...

You may provide a definition with
\DeclareUnicodeCharacter 


! Package inputenc Error: Unicode character –î (U+0414)
(inputenc)                not set up for use with LaTeX.

See the inputenc package documentation for explanation.
Type  H <return>  for immediate help.
 ...                                              
                                                  
l.3 ... \textit{–î–µ–¥–µ–∫–∏–Ω–¥-–∫–æ–Ω–µ—á–Ω—ã–º}
                                                  , –µ—Å–ª–∏ –¥–ª—è –ª—é–±—ã...

You may provide a definition with
\DeclareUnicodeCharacter 


! Package inputenc Error: Unicode character –µ (U+0435)
(inputenc)                not set up for use with LaTeX.

See the inputenc package documentation for explanation.
Type  H <return>  for immediate help.
 ...                                              
                                                  
l.3 ... \textit{–î–µ–¥–µ–∫–∏–Ω–¥-–∫–æ–Ω–µ—á–Ω—ã–º}
                                                  , –µ—Å–ª–∏ –¥–ª—è –ª—é–±—ã...

You may provide a definition with
\DeclareUnicodeCharacter 


! Package inputenc Error: Unicode character –¥ (U+0434)
(inputenc)                not set up for use with LaTeX.

See the inputenc package documentation for explanation.
Type  H <return>  for immediate help.
 ...                                              
                                                  
l.3 ... \textit{–î–µ–¥–µ–∫–∏–Ω–¥-–∫–æ–Ω–µ—á–Ω—ã–º}
                                                  , –µ—Å–ª–∏ –¥–ª—è –ª—é–±—ã...

You may provide a definition with
\DeclareUnicodeCharacter 


! Package inputenc Error: Unicode character –µ (U+0435)
(inputenc)                not set up for use with LaTeX.

See the inputenc package documentation for explanation.
Type  H <return>  for immediate help.
 ...                                              
                                                  
l.3 ... \textit{–î–µ–¥–µ–∫–∏–Ω–¥-–∫–æ–Ω–µ—á–Ω—ã–º}
                                                  , –µ—Å–ª–∏ –¥–ª—è –ª—é–±—ã...

You may provide a definition with
\DeclareUnicodeCharacter 


! Package inputenc Error: Unicode character –∫ (U+043A)
(inputenc)                not set up for use with LaTeX.

See the inputenc package documentation for explanation.
Type  H <return>  for immediate help.
 ...                                              
                                                  
l.3 ... \textit{–î–µ–¥–µ–∫–∏–Ω–¥-–∫–æ–Ω–µ—á–Ω—ã–º}
                                                  , –µ—Å–ª–∏ –¥–ª—è –ª—é–±—ã...

You may provide a definition with
\DeclareUnicodeCharacter 


! Package inputenc Error: Unicode character –∏ (U+0438)
(inputenc)                not set up for use with LaTeX.

See the inputenc package documentation for explanation.
Type  H <return>  for immediate help.
 ...                                              
                                                  
l.3 ... \textit{–î–µ–¥–µ–∫–∏–Ω–¥-–∫–æ–Ω–µ—á–Ω—ã–º}
                                                  , –µ—Å–ª–∏ –¥–ª—è –ª—é–±—ã...

You may provide a definition with
\DeclareUnicodeCharacter 


! Package inputenc Error: Unicode character –Ω (U+043D)
(inputenc)                not set up for use with LaTeX.

See the inputenc package documentation for explanation.
Type  H <return>  for immediate help.
 ...                                              
                                                  
l.3 ... \textit{–î–µ–¥–µ–∫–∏–Ω–¥-–∫–æ–Ω–µ—á–Ω—ã–º}
                                                  , –µ—Å–ª–∏ –¥–ª—è –ª—é–±—ã...

You may provide a definition with
\DeclareUnicodeCharacter 


! Package inputenc Error: Unicode character –¥ (U+0434)
(inputenc)                not set up for use with LaTeX.

See the inputenc package documentation for explanation.
Type  H <return>  for immediate help.
 ...                                              
                                                  
l.3 ... \textit{–î–µ–¥–µ–∫–∏–Ω–¥-–∫–æ–Ω–µ—á–Ω—ã–º}
                                                  , –µ—Å–ª–∏ –¥–ª—è –ª—é–±—ã...

You may provide a definition with
\DeclareUnicodeCharacter 


! Package inputenc Error: Unicode character –∫ (U+043A)
(inputenc)                not set up for use with LaTeX.

See the inputenc package documentation for explanation.
Type  H <return>  for immediate help.
 ...                                              
                                                  
l.3 ... \textit{–î–µ–¥–µ–∫–∏–Ω–¥-–∫–æ–Ω–µ—á–Ω—ã–º}
                                                  , –µ—Å–ª–∏ –¥–ª—è –ª—é–±—ã...

You may provide a definition with
\DeclareUnicodeCharacter 


! Package inputenc Error: Unicode character –æ (U+043E)
(inputenc)                not set up for use with LaTeX.

See the inputenc package documentation for explanation.
Type  H <return>  for immediate help.
 ...                                              
                                                  
l.3 ... \textit{–î–µ–¥–µ–∫–∏–Ω–¥-–∫–æ–Ω–µ—á–Ω—ã–º}
                                                  , –µ—Å–ª–∏ –¥–ª—è –ª—é–±—ã...

You may provide a definition with
\DeclareUnicodeCharacter 


! Package inputenc Error: Unicode character –Ω (U+043D)
(inputenc)                not set up for use with LaTeX.

See the inputenc package documentation for explanation.
Type  H <return>  for immediate help.
 ...                                              
                                                  
l.3 ... \textit{–î–µ–¥–µ–∫–∏–Ω–¥-–∫–æ–Ω–µ—á–Ω—ã–º}
                                                  , –µ—Å–ª–∏ –¥–ª—è –ª—é–±—ã...

You may provide a definition with
\DeclareUnicodeCharacter 


! Package inputenc Error: Unicode character –µ (U+0435)
(inputenc)                not set up for use with LaTeX.

See the inputenc package documentation for explanation.
Type  H <return>  for immediate help.
 ...                                              
                                                  
l.3 ... \textit{–î–µ–¥–µ–∫–∏–Ω–¥-–∫–æ–Ω–µ—á–Ω—ã–º}
                                                  , –µ—Å–ª–∏ –¥–ª—è –ª—é–±—ã...

You may provide a definition with
\DeclareUnicodeCharacter 


! Package inputenc Error: Unicode character —á (U+0447)
(inputenc)                not set up for use with LaTeX.

See the inputenc package documentation for explanation.
Type  H <return>  for immediate help.
 ...                                              
                                                  
l.3 ... \textit{–î–µ–¥–µ–∫–∏–Ω–¥-–∫–æ–Ω–µ—á–Ω—ã–º}
                                                  , –µ—Å–ª–∏ –¥–ª—è –ª—é–±—ã...

You may provide a definition with
\DeclareUnicodeCharacter 


! Package inputenc Error: Unicode character –Ω (U+043D)
(inputenc)                not set up for use with LaTeX.

See the inputenc package documentation for explanation.
Type  H <return>  for immediate help.
 ...                                              
                                                  
l.3 ... \textit{–î–µ–¥–µ–∫–∏–Ω–¥-–∫–æ–Ω–µ—á–Ω—ã–º}
                                                  , –µ—Å–ª–∏ –¥–ª—è –ª—é–±—ã...

You may provide a definition with
\DeclareUnicodeCharacter 


! Package inputenc Error: Unicode character —ã (U+044B)
(inputenc)                not set up for use with LaTeX.

See the inputenc package documentation for explanation.
Type  H <return>  for immediate help.
 ...                                              
                                                  
l.3 ... \textit{–î–µ–¥–µ–∫–∏–Ω–¥-–∫–æ–Ω–µ—á–Ω—ã–º}
                                                  , –µ—Å–ª–∏ –¥–ª—è –ª—é–±—ã...

You may provide a definition with
\DeclareUnicodeCharacter 


! Package inputenc Error: Unicode character –º (U+043C)
(inputenc)                not set up for use with LaTeX.

See the inputenc package documentation for explanation.
Type  H <return>  for immediate help.
 ...                                              
                                                  
l.3 ... \textit{–î–µ–¥–µ–∫–∏–Ω–¥-–∫–æ–Ω–µ—á–Ω—ã–º}
                                                  , –µ—Å–ª–∏ –¥–ª—è –ª—é–±—ã...

You may provide a definition with
\DeclareUnicodeCharacter 

Missing character: There is no , in font nullfont!

! Package inputenc Error: Unicode character –µ (U+0435)
(inputenc)                not set up for use with LaTeX.

See the inputenc package documentation for explanation.
Type  H <return>  for immediate help.
 ...                                              
                                                  
l.3 ...xtit{–î–µ–¥–µ–∫–∏–Ω–¥-–∫–æ–Ω–µ—á–Ω—ã–º}, –µ
                                                  —Å–ª–∏ –¥–ª—è –ª—é–±—ã—Ö –...

You may provide a definition with
\DeclareUnicodeCharacter 


! Package inputenc Error: Unicode character —Å (U+0441)
(inputenc)                not set up for use with LaTeX.

See the inputenc package documentation for explanation.
Type  H <return>  for immediate help.
 ...                                              
                                                  
l.3 ...it{–î–µ–¥–µ–∫–∏–Ω–¥-–∫–æ–Ω–µ—á–Ω—ã–º}, –µ—Å
                                                  –ª–∏ –¥–ª—è –ª—é–±—ã—Ö –¥–...

You may provide a definition with
\DeclareUnicodeCharacter 


! Package inputenc Error: Unicode character –ª (U+043B)
(inputenc)                not set up for use with LaTeX.

See the inputenc package documentation for explanation.
Type  H <return>  for immediate help.
 ...                                              
                                                  
l.3 ...{–î–µ–¥–µ–∫–∏–Ω–¥-–∫–æ–Ω–µ—á–Ω—ã–º}, –µ—Å–ª
                                                  –∏ –¥–ª—è –ª—é–±—ã—Ö –¥–≤—...

You may provide a definition with
\DeclareUnicodeCharacter 


! Package inputenc Error: Unicode character –∏ (U+0438)
(inputenc)                not set up for use with LaTeX.

See the inputenc package documentation for explanation.
Type  H <return>  for immediate help.
 ...                                              
                                                  
l.3 ...î–µ–¥–µ–∫–∏–Ω–¥-–∫–æ–Ω–µ—á–Ω—ã–º}, –µ—Å–ª–∏
                                                   –¥–ª—è –ª—é–±—ã—Ö –¥–≤—É—...

You may provide a definition with
\DeclareUnicodeCharacter 


! Package inputenc Error: Unicode character –¥ (U+0434)
(inputenc)                not set up for use with LaTeX.

See the inputenc package documentation for explanation.
Type  H <return>  for immediate help.
 ...                                              
                                                  
l.3 ...–¥–µ–∫–∏–Ω–¥-–∫–æ–Ω–µ—á–Ω—ã–º}, –µ—Å–ª–∏ –¥
                                                  –ª—è –ª—é–±—ã—Ö –¥–≤—É—Ö –...

You may provide a definition with
\DeclareUnicodeCharacter 


! Package inputenc Error: Unicode character –ª (U+043B)
(inputenc)                not set up for use with LaTeX.

See the inputenc package documentation for explanation.
Type  H <return>  for immediate help.
 ...                                              
                                                  
l.3 ...–µ–∫–∏–Ω–¥-–∫–æ–Ω–µ—á–Ω—ã–º}, –µ—Å–ª–∏ –¥–ª
                                                  —è –ª—é–±—ã—Ö –¥–≤—É—Ö –µ–...

You may provide a definition with
\DeclareUnicodeCharacter 


! Package inputenc Error: Unicode character —è (U+044F)
(inputenc)                not set up for use with LaTeX.

See the inputenc package documentation for explanation.
Type  H <return>  for immediate help.
 ...                                              
                                                  
l.3 ...–∫–∏–Ω–¥-–∫–æ–Ω–µ—á–Ω—ã–º}, –µ—Å–ª–∏ –¥–ª—è
                                                   –ª—é–±—ã—Ö –¥–≤—É—Ö –µ–≥–...

You may provide a definition with
\DeclareUnicodeCharacter 


! Package inputenc Error: Unicode character –ª (U+043B)
(inputenc)                not set up for use with LaTeX.

See the inputenc package documentation for explanation.
Type  H <return>  for immediate help.
 ...                                              
                                                  
l.3 ...∏–Ω–¥-–∫–æ–Ω–µ—á–Ω—ã–º}, –µ—Å–ª–∏ –¥–ª—è –ª
                                                  —é–±—ã—Ö –¥–≤—É—Ö –µ–≥–æ —...

You may provide a definition with
\DeclareUnicodeCharacter 


! Package inputenc Error: Unicode character —é (U+044E)
(inputenc)                not set up for use with LaTeX.

See the inputenc package documentation for explanation.
Type  H <return>  for immediate help.
 ...                                              
                                                  
l.3 ...Ω–¥-–∫–æ–Ω–µ—á–Ω—ã–º}, –µ—Å–ª–∏ –¥–ª—è –ª—é
                                                  –±—ã—Ö –¥–≤—É—Ö –µ–≥–æ —ç–...

You may provide a definition with
\DeclareUnicodeCharacter 


! Package inputenc Error: Unicode character –± (U+0431)
(inputenc)                not set up for use with LaTeX.

See the inputenc package documentation for explanation.
Type  H <return>  for immediate help.
 ...                                              
                                                  
l.3 ...¥-–∫–æ–Ω–µ—á–Ω—ã–º}, –µ—Å–ª–∏ –¥–ª—è –ª—é–±
                                                  —ã—Ö –¥–≤—É—Ö –µ–≥–æ —ç–ª–...

You may provide a definition with
\DeclareUnicodeCharacter 


! Package inputenc Error: Unicode character —ã (U+044B)
(inputenc)                not set up for use with LaTeX.

See the inputenc package documentation for explanation.
Type  H <return>  for immediate help.
 ...                                              
                                                  
l.3 ...–∫–æ–Ω–µ—á–Ω—ã–º}, –µ—Å–ª–∏ –¥–ª—è –ª—é–±—ã
                                                  —Ö –¥–≤—É—Ö –µ–≥–æ —ç–ª–µ–...

You may provide a definition with
\DeclareUnicodeCharacter 


! Package inputenc Error: Unicode character —Ö (U+0445)
(inputenc)                not set up for use with LaTeX.

See the inputenc package documentation for explanation.
Type  H <return>  for immediate help.
 ...                                              
                                                  
l.3 ...–æ–Ω–µ—á–Ω—ã–º}, –µ—Å–ª–∏ –¥–ª—è –ª—é–±—ã—Ö
                                                   –¥–≤—É—Ö –µ–≥–æ —ç–ª–µ–º–...

You may provide a definition with
\DeclareUnicodeCharacter 


! Package inputenc Error: Unicode character –¥ (U+0434)
(inputenc)                not set up for use with LaTeX.

See the inputenc package documentation for explanation.
Type  H <return>  for immediate help.
 ...                                              
                                                  
l.3 ...Ω–µ—á–Ω—ã–º}, –µ—Å–ª–∏ –¥–ª—è –ª—é–±—ã—Ö –¥
                                                  –≤—É—Ö –µ–≥–æ —ç–ª–µ–º–µ–Ω...

You may provide a definition with
\DeclareUnicodeCharacter 


! Package inputenc Error: Unicode character –≤ (U+0432)
(inputenc)                not set up for use with LaTeX.

See the inputenc package documentation for explanation.
Type  H <return>  for immediate help.
 ...                                              
                                                  
l.3 ...µ—á–Ω—ã–º}, –µ—Å–ª–∏ –¥–ª—è –ª—é–±—ã—Ö –¥–≤
                                                  —É—Ö –µ–≥–æ —ç–ª–µ–º–µ–Ω—Ç...

You may provide a definition with
\DeclareUnicodeCharacter 


! Package inputenc Error: Unicode character —É (U+0443)
(inputenc)                not set up for use with LaTeX.

See the inputenc package documentation for explanation.
Type  H <return>  for immediate help.
 ...                                              
                                                  
l.3 ...á–Ω—ã–º}, –µ—Å–ª–∏ –¥–ª—è –ª—é–±—ã—Ö –¥–≤—É
                                                  —Ö –µ–≥–æ —ç–ª–µ–º–µ–Ω—Ç–æ...

You may provide a definition with
\DeclareUnicodeCharacter 


! Package inputenc Error: Unicode character —Ö (U+0445)
(inputenc)                not set up for use with LaTeX.

See the inputenc package documentation for explanation.
Type  H <return>  for immediate help.
 ...                                              
                                                  
l.3 ...Ω—ã–º}, –µ—Å–ª–∏ –¥–ª—è –ª—é–±—ã—Ö –¥–≤—É—Ö
                                                   –µ–≥–æ —ç–ª–µ–º–µ–Ω—Ç–æ–≤...

You may provide a definition with
\DeclareUnicodeCharacter 


! Package inputenc Error: Unicode character –µ (U+0435)
(inputenc)                not set up for use with LaTeX.

See the inputenc package documentation for explanation.
Type  H <return>  for immediate help.
 ...                                              
                                                  
l.3 ...–º}, –µ—Å–ª–∏ –¥–ª—è –ª—é–±—ã—Ö –¥–≤—É—Ö –µ
                                                  –≥–æ —ç–ª–µ–º–µ–Ω—Ç–æ–≤ $ ...

You may provide a definition with
\DeclareUnicodeCharacter 


! Package inputenc Error: Unicode character –≥ (U+0433)
(inputenc)                not set up for use with LaTeX.

See the inputenc package documentation for explanation.
Type  H <return>  for immediate help.
 ...                                              
                                                  
l.3 ...}, –µ—Å–ª–∏ –¥–ª—è –ª—é–±—ã—Ö –¥–≤—É—Ö –µ–≥
                                                  –æ —ç–ª–µ–º–µ–Ω—Ç–æ–≤ $ a ...

You may provide a definition with
\DeclareUnicodeCharacter 


! Package inputenc Error: Unicode character –æ (U+043E)
(inputenc)                not set up for use with LaTeX.

See the inputenc package documentation for explanation.
Type  H <return>  for immediate help.
 ...                                              
                                                  
l.3 ... –µ—Å–ª–∏ –¥–ª—è –ª—é–±—ã—Ö –¥–≤—É—Ö –µ–≥–æ
                                                   —ç–ª–µ–º–µ–Ω—Ç–æ–≤ $ a $ ...

You may provide a definition with
\DeclareUnicodeCharacter 


! Package inputenc Error: Unicode character —ç (U+044D)
(inputenc)                not set up for use with LaTeX.

See the inputenc package documentation for explanation.
Type  H <return>  for immediate help.
 ...                                              
                                                  
l.3 ...—Å–ª–∏ –¥–ª—è –ª—é–±—ã—Ö –¥–≤—É—Ö –µ–≥–æ —ç
                                                  –ª–µ–º–µ–Ω—Ç–æ–≤ $ a $ –∏ ...

You may provide a definition with
\DeclareUnicodeCharacter 


! Package inputenc Error: Unicode character –ª (U+043B)
(inputenc)                not set up for use with LaTeX.

See the inputenc package documentation for explanation.
Type  H <return>  for immediate help.
 ...                                              
                                                  
l.3 ...–ª–∏ –¥–ª—è –ª—é–±—ã—Ö –¥–≤—É—Ö –µ–≥–æ —ç–ª
                                                  –µ–º–µ–Ω—Ç–æ–≤ $ a $ –∏ $ ...

You may provide a definition with
\DeclareUnicodeCharacter 


! Package inputenc Error: Unicode character –µ (U+0435)
(inputenc)                not set up for use with LaTeX.

See the inputenc package documentation for explanation.
Type  H <return>  for immediate help.
 ...                                              
                                                  
l.3 ...–∏ –¥–ª—è –ª—é–±—ã—Ö –¥–≤—É—Ö –µ–≥–æ —ç–ª–µ
                                                  –º–µ–Ω—Ç–æ–≤ $ a $ –∏ $ b ...

You may provide a definition with
\DeclareUnicodeCharacter 


! Package inputenc Error: Unicode character –º (U+043C)
(inputenc)                not set up for use with LaTeX.

See the inputenc package documentation for explanation.
Type  H <return>  for immediate help.
 ...                                              
                                                  
l.3 ... –¥–ª—è –ª—é–±—ã—Ö –¥–≤—É—Ö –µ–≥–æ —ç–ª–µ–º
                                                  –µ–Ω—Ç–æ–≤ $ a $ –∏ $ b $ ...

You may provide a definition with
\DeclareUnicodeCharacter 


! Package inputenc Error: Unicode character –µ (U+0435)
(inputenc)                not set up for use with LaTeX.

See the inputenc package documentation for explanation.
Type  H <return>  for immediate help.
 ...                                              
                                                  
l.3 ...¥–ª—è –ª—é–±—ã—Ö –¥–≤—É—Ö –µ–≥–æ —ç–ª–µ–º–µ
                                                  –Ω—Ç–æ–≤ $ a $ –∏ $ b $ —Ä...

You may provide a definition with
\DeclareUnicodeCharacter 


! Package inputenc Error: Unicode character –Ω (U+043D)
(inputenc)                not set up for use with LaTeX.

See the inputenc package documentation for explanation.
Type  H <return>  for immediate help.
 ...                                              
                                                  
l.3 ...ª—è –ª—é–±—ã—Ö –¥–≤—É—Ö –µ–≥–æ —ç–ª–µ–º–µ–Ω
                                                  —Ç–æ–≤ $ a $ –∏ $ b $ —Ä–∞...

You may provide a definition with
\DeclareUnicodeCharacter 


! Package inputenc Error: Unicode character —Ç (U+0442)
(inputenc)                not set up for use with LaTeX.

See the inputenc package documentation for explanation.
Type  H <return>  for immediate help.
 ...                                              
                                                  
l.3 ...è –ª—é–±—ã—Ö –¥–≤—É—Ö –µ–≥–æ —ç–ª–µ–º–µ–Ω—Ç
                                                  –æ–≤ $ a $ –∏ $ b $ —Ä–∞–≤...

You may provide a definition with
\DeclareUnicodeCharacter 


! Package inputenc Error: Unicode character –æ (U+043E)
(inputenc)                not set up for use with LaTeX.

See the inputenc package documentation for explanation.
Type  H <return>  for immediate help.
 ...                                              
                                                  
l.3 ...–ª—é–±—ã—Ö –¥–≤—É—Ö –µ–≥–æ —ç–ª–µ–º–µ–Ω—Ç–æ
                                                  –≤ $ a $ –∏ $ b $ —Ä–∞–≤–µ...

You may provide a definition with
\DeclareUnicodeCharacter 


! Package inputenc Error: Unicode character –≤ (U+0432)
(inputenc)                not set up for use with LaTeX.

See the inputenc package documentation for explanation.
Type  H <return>  for immediate help.
 ...                                              
                                                  
l.3 ...—é–±—ã—Ö –¥–≤—É—Ö –µ–≥–æ —ç–ª–µ–º–µ–Ω—Ç–æ–≤
                                                   $ a $ –∏ $ b $ —Ä–∞–≤–µ–Ω...

You may provide a definition with
\DeclareUnicodeCharacter 


! Package inputenc Error: Unicode character –∏ (U+0438)
(inputenc)                not set up for use with LaTeX.

See the inputenc package documentation for explanation.
Type  H <return>  for immediate help.
 ...                                              
                                                  
l.3 ...–¥–≤—É—Ö –µ–≥–æ —ç–ª–µ–º–µ–Ω—Ç–æ–≤ $ a $ –∏
                                                   $ b $ —Ä–∞–≤–µ–Ω—Å—Ç–≤–æ ...

You may provide a definition with
\DeclareUnicodeCharacter 


! Package inputenc Error: Unicode character —Ä (U+0440)
(inputenc)                not set up for use with LaTeX.

See the inputenc package documentation for explanation.
Type  H <return>  for immediate help.
 ...                                              
                                                  
l.3 ...–µ–≥–æ —ç–ª–µ–º–µ–Ω—Ç–æ–≤ $ a $ –∏ $ b $ —Ä
                                                  –∞–≤–µ–Ω—Å—Ç–≤–æ $ ab = 1 ...

You may provide a definition with
\DeclareUnicodeCharacter 


! Package inputenc Error: Unicode character –∞ (U+0430)
(inputenc)                not set up for use with LaTeX.

See the inputenc package documentation for explanation.
Type  H <return>  for immediate help.
 ...                                              
                                                  
l.3 ...–≥–æ —ç–ª–µ–º–µ–Ω—Ç–æ–≤ $ a $ –∏ $ b $ —Ä–∞
                                                  –≤–µ–Ω—Å—Ç–≤–æ $ ab = 1 $ ...

You may provide a definition with
\DeclareUnicodeCharacter 


! Package inputenc Error: Unicode character –≤ (U+0432)
(inputenc)                not set up for use with LaTeX.

See the inputenc package documentation for explanation.
Type  H <return>  for immediate help.
 ...                                              
                                                  
l.3 ...–æ —ç–ª–µ–º–µ–Ω—Ç–æ–≤ $ a $ –∏ $ b $ —Ä–∞–≤
                                                  –µ–Ω—Å—Ç–≤–æ $ ab = 1 $ –≤...

You may provide a definition with
\DeclareUnicodeCharacter 


! Package inputenc Error: Unicode character –µ (U+0435)
(inputenc)                not set up for use with LaTeX.

See the inputenc package documentation for explanation.
Type  H <return>  for immediate help.
 ...                                              
                                                  
l.3 ... —ç–ª–µ–º–µ–Ω—Ç–æ–≤ $ a $ –∏ $ b $ —Ä–∞–≤–µ
                                                  –Ω—Å—Ç–≤–æ $ ab = 1 $ –≤–ª...
(That makes 100 errors; please try again.) 
Here is how much of TeX's memory you used:
 41 strings out of 492446
 686 string characters out of 3129615
 59579 words of memory out of 3000000
 4501 multiletter control sequences out of 15000+200000
 3986 words of font info for 15 fonts, out of 3000000 for 9000
 1141 hyphenation exceptions out of 8191
 18i,1n,12p,327b,57s stack positions out of 5000i,500n,10000p,200000b,50000s

!  ==> Fatal error occurred, no output PDF file produced!
