This is pdfTeX, Version 3.14159265-2.6-1.40.20 (MiKTeX 2.9.7250 64-bit) (preloaded format=pdflatex 2020.8.22)  16 NOV 2024 23:22
entering extended mode
**./Groups_Jordan_Holder.tex
(Groups_Jordan_Holder.tex
LaTeX2e <2019-10-01> patch level 3
! Undefined control sequence.
l.1 \section
            {–¢–µ–æ—Ä–µ–º–∞ –ñ–æ—Ä–¥–∞–Ω–∞-–ì—ë–ª—å–¥–µ—Ä–∞}
The control sequence at the end of the top line
of your error message was never \def'ed. If you have
misspelled it (e.g., `\hobx'), type `I' and the correct
spelling (e.g., `I\hbox'). Otherwise just continue,
and I'll forget about whatever was undefined.


! Package inputenc Error: Unicode character –¢ (U+0422)
(inputenc)                not set up for use with LaTeX.

See the inputenc package documentation for explanation.
Type  H <return>  for immediate help.
 ...                                              
                                                  
l.1 \section{–¢
               –µ–æ—Ä–µ–º–∞ –ñ–æ—Ä–¥–∞–Ω–∞-–ì—ë–ª—å–¥–µ—Ä–∞}
You may provide a definition with
\DeclareUnicodeCharacter 


! Package inputenc Error: Unicode character –µ (U+0435)
(inputenc)                not set up for use with LaTeX.

See the inputenc package documentation for explanation.
Type  H <return>  for immediate help.
 ...                                              
                                                  
l.1 \section{–¢–µ
                 –æ—Ä–µ–º–∞ –ñ–æ—Ä–¥–∞–Ω–∞-–ì—ë–ª—å–¥–µ—Ä–∞}
You may provide a definition with
\DeclareUnicodeCharacter 


! Package inputenc Error: Unicode character –æ (U+043E)
(inputenc)                not set up for use with LaTeX.

See the inputenc package documentation for explanation.
Type  H <return>  for immediate help.
 ...                                              
                                                  
l.1 \section{–¢–µ–æ
                   —Ä–µ–º–∞ –ñ–æ—Ä–¥–∞–Ω–∞-–ì—ë–ª—å–¥–µ—Ä–∞}
You may provide a definition with
\DeclareUnicodeCharacter 


! Package inputenc Error: Unicode character —Ä (U+0440)
(inputenc)                not set up for use with LaTeX.

See the inputenc package documentation for explanation.
Type  H <return>  for immediate help.
 ...                                              
                                                  
l.1 \section{–¢–µ–æ—Ä
                     –µ–º–∞ –ñ–æ—Ä–¥–∞–Ω–∞-–ì—ë–ª—å–¥–µ—Ä–∞}
You may provide a definition with
\DeclareUnicodeCharacter 


! Package inputenc Error: Unicode character –µ (U+0435)
(inputenc)                not set up for use with LaTeX.

See the inputenc package documentation for explanation.
Type  H <return>  for immediate help.
 ...                                              
                                                  
l.1 \section{–¢–µ–æ—Ä–µ
                       –º–∞ –ñ–æ—Ä–¥–∞–Ω–∞-–ì—ë–ª—å–¥–µ—Ä–∞}
You may provide a definition with
\DeclareUnicodeCharacter 


! Package inputenc Error: Unicode character –º (U+043C)
(inputenc)                not set up for use with LaTeX.

See the inputenc package documentation for explanation.
Type  H <return>  for immediate help.
 ...                                              
                                                  
l.1 \section{–¢–µ–æ—Ä–µ–º
                         –∞ –ñ–æ—Ä–¥–∞–Ω–∞-–ì—ë–ª—å–¥–µ—Ä–∞}
You may provide a definition with
\DeclareUnicodeCharacter 


! Package inputenc Error: Unicode character –∞ (U+0430)
(inputenc)                not set up for use with LaTeX.

See the inputenc package documentation for explanation.
Type  H <return>  for immediate help.
 ...                                              
                                                  
l.1 \section{–¢–µ–æ—Ä–µ–º–∞
                            –ñ–æ—Ä–¥–∞–Ω–∞-–ì—ë–ª—å–¥–µ—Ä–∞}
You may provide a definition with
\DeclareUnicodeCharacter 


! Package inputenc Error: Unicode character –ñ (U+0416)
(inputenc)                not set up for use with LaTeX.

See the inputenc package documentation for explanation.
Type  H <return>  for immediate help.
 ...                                              
                                                  
l.1 \section{–¢–µ–æ—Ä–µ–º–∞ –ñ
                              –æ—Ä–¥–∞–Ω–∞-–ì—ë–ª—å–¥–µ—Ä–∞}
You may provide a definition with
\DeclareUnicodeCharacter 


! Package inputenc Error: Unicode character –æ (U+043E)
(inputenc)                not set up for use with LaTeX.

See the inputenc package documentation for explanation.
Type  H <return>  for immediate help.
 ...                                              
                                                  
l.1 \section{–¢–µ–æ—Ä–µ–º–∞ –ñ–æ
                                —Ä–¥–∞–Ω–∞-–ì—ë–ª—å–¥–µ—Ä–∞}
You may provide a definition with
\DeclareUnicodeCharacter 


! Package inputenc Error: Unicode character —Ä (U+0440)
(inputenc)                not set up for use with LaTeX.

See the inputenc package documentation for explanation.
Type  H <return>  for immediate help.
 ...                                              
                                                  
l.1 \section{–¢–µ–æ—Ä–µ–º–∞ –ñ–æ—Ä
                                  –¥–∞–Ω–∞-–ì—ë–ª—å–¥–µ—Ä–∞}
You may provide a definition with
\DeclareUnicodeCharacter 


! Package inputenc Error: Unicode character –¥ (U+0434)
(inputenc)                not set up for use with LaTeX.

See the inputenc package documentation for explanation.
Type  H <return>  for immediate help.
 ...                                              
                                                  
l.1 \section{–¢–µ–æ—Ä–µ–º–∞ –ñ–æ—Ä–¥
                                    –∞–Ω–∞-–ì—ë–ª—å–¥–µ—Ä–∞}
You may provide a definition with
\DeclareUnicodeCharacter 


! Package inputenc Error: Unicode character –∞ (U+0430)
(inputenc)                not set up for use with LaTeX.

See the inputenc package documentation for explanation.
Type  H <return>  for immediate help.
 ...                                              
                                                  
l.1 \section{–¢–µ–æ—Ä–µ–º–∞ –ñ–æ—Ä–¥–∞
                                      –Ω–∞-–ì—ë–ª—å–¥–µ—Ä–∞}
You may provide a definition with
\DeclareUnicodeCharacter 


! Package inputenc Error: Unicode character –Ω (U+043D)
(inputenc)                not set up for use with LaTeX.

See the inputenc package documentation for explanation.
Type  H <return>  for immediate help.
 ...                                              
                                                  
l.1 \section{–¢–µ–æ—Ä–µ–º–∞ –ñ–æ—Ä–¥–∞–Ω
                                        –∞-–ì—ë–ª—å–¥–µ—Ä–∞}
You may provide a definition with
\DeclareUnicodeCharacter 


! Package inputenc Error: Unicode character –∞ (U+0430)
(inputenc)                not set up for use with LaTeX.

See the inputenc package documentation for explanation.
Type  H <return>  for immediate help.
 ...                                              
                                                  
l.1 \section{–¢–µ–æ—Ä–µ–º–∞ –ñ–æ—Ä–¥–∞–Ω–∞
                                          -–ì—ë–ª—å–¥–µ—Ä–∞}
You may provide a definition with
\DeclareUnicodeCharacter 


! LaTeX Error: Missing \begin{document}.

See the LaTeX manual or LaTeX Companion for explanation.
Type  H <return>  for immediate help.
 ...                                              
                                                  
l.1 \section{–¢–µ–æ—Ä–µ–º–∞ –ñ–æ—Ä–¥–∞–Ω–∞-
                                           –ì—ë–ª—å–¥–µ—Ä–∞}
You're in trouble here.  Try typing  <return>  to proceed.
If that doesn't work, type  X <return>  to quit.

Missing character: There is no - in font nullfont!

! Package inputenc Error: Unicode character –ì (U+0413)
(inputenc)                not set up for use with LaTeX.

See the inputenc package documentation for explanation.
Type  H <return>  for immediate help.
 ...                                              
                                                  
l.1 \section{–¢–µ–æ—Ä–µ–º–∞ –ñ–æ—Ä–¥–∞–Ω–∞-–ì
                                             —ë–ª—å–¥–µ—Ä–∞}
You may provide a definition with
\DeclareUnicodeCharacter 


! Package inputenc Error: Unicode character —ë (U+0451)
(inputenc)                not set up for use with LaTeX.

See the inputenc package documentation for explanation.
Type  H <return>  for immediate help.
 ...                                              
                                                  
l.1 \section{–¢–µ–æ—Ä–µ–º–∞ –ñ–æ—Ä–¥–∞–Ω–∞-–ì—ë
                                               –ª—å–¥–µ—Ä–∞}
You may provide a definition with
\DeclareUnicodeCharacter 


! Package inputenc Error: Unicode character –ª (U+043B)
(inputenc)                not set up for use with LaTeX.

See the inputenc package documentation for explanation.
Type  H <return>  for immediate help.
 ...                                              
                                                  
l.1 \section{–¢–µ–æ—Ä–µ–º–∞ –ñ–æ—Ä–¥–∞–Ω–∞-–ì—ë–ª
                                                 —å–¥–µ—Ä–∞}
You may provide a definition with
\DeclareUnicodeCharacter 


! Package inputenc Error: Unicode character —å (U+044C)
(inputenc)                not set up for use with LaTeX.

See the inputenc package documentation for explanation.
Type  H <return>  for immediate help.
 ...                                              
                                                  
l.1 ...tion{–¢–µ–æ—Ä–µ–º–∞ –ñ–æ—Ä–¥–∞–Ω–∞-–ì—ë–ª—å
                                                  –¥–µ—Ä–∞}
You may provide a definition with
\DeclareUnicodeCharacter 


! Package inputenc Error: Unicode character –¥ (U+0434)
(inputenc)                not set up for use with LaTeX.

See the inputenc package documentation for explanation.
Type  H <return>  for immediate help.
 ...                                              
                                                  
l.1 ...on{–¢–µ–æ—Ä–µ–º–∞ –ñ–æ—Ä–¥–∞–Ω–∞-–ì—ë–ª—å–¥
                                                  –µ—Ä–∞}
You may provide a definition with
\DeclareUnicodeCharacter 


! Package inputenc Error: Unicode character –µ (U+0435)
(inputenc)                not set up for use with LaTeX.

See the inputenc package documentation for explanation.
Type  H <return>  for immediate help.
 ...                                              
                                                  
l.1 ...{–¢–µ–æ—Ä–µ–º–∞ –ñ–æ—Ä–¥–∞–Ω–∞-–ì—ë–ª—å–¥–µ
                                                  —Ä–∞}
You may provide a definition with
\DeclareUnicodeCharacter 


! Package inputenc Error: Unicode character —Ä (U+0440)
(inputenc)                not set up for use with LaTeX.

See the inputenc package documentation for explanation.
Type  H <return>  for immediate help.
 ...                                              
                                                  
l.1 ...¢–µ–æ—Ä–µ–º–∞ –ñ–æ—Ä–¥–∞–Ω–∞-–ì—ë–ª—å–¥–µ—Ä
                                                  –∞}
You may provide a definition with
\DeclareUnicodeCharacter 


! Package inputenc Error: Unicode character –∞ (U+0430)
(inputenc)                not set up for use with LaTeX.

See the inputenc package documentation for explanation.
Type  H <return>  for immediate help.
 ...                                              
                                                  
l.1 ...µ–æ—Ä–µ–º–∞ –ñ–æ—Ä–¥–∞–Ω–∞-–ì—ë–ª—å–¥–µ—Ä–∞
                                                  }
You may provide a definition with
\DeclareUnicodeCharacter 


Overfull \hbox (20.0pt too wide) in paragraph at lines 1--2
[] 
 []


! LaTeX Error: Environment theorem undefined.

See the LaTeX manual or LaTeX Companion for explanation.
Type  H <return>  for immediate help.
 ...                                              
                                                  
l.3 \begin{theorem}
                   [–ñ–æ—Ä–¥–∞–Ω, –ì–µ–ª—å–¥–µ—Ä]
Your command was ignored.
Type  I <command> <return>  to replace it with another command,
or  <return>  to continue without it.


! LaTeX Error: Missing \begin{document}.

See the LaTeX manual or LaTeX Companion for explanation.
Type  H <return>  for immediate help.
 ...                                              
                                                  
l.3 \begin{theorem}[
                    –ñ–æ—Ä–¥–∞–Ω, –ì–µ–ª—å–¥–µ—Ä]
You're in trouble here.  Try typing  <return>  to proceed.
If that doesn't work, type  X <return>  to quit.

Missing character: There is no [ in font nullfont!

! Package inputenc Error: Unicode character –ñ (U+0416)
(inputenc)                not set up for use with LaTeX.

See the inputenc package documentation for explanation.
Type  H <return>  for immediate help.
 ...                                              
                                                  
l.3 \begin{theorem}[–ñ
                      –æ—Ä–¥–∞–Ω, –ì–µ–ª—å–¥–µ—Ä]
You may provide a definition with
\DeclareUnicodeCharacter 


! Package inputenc Error: Unicode character –æ (U+043E)
(inputenc)                not set up for use with LaTeX.

See the inputenc package documentation for explanation.
Type  H <return>  for immediate help.
 ...                                              
                                                  
l.3 \begin{theorem}[–ñ–æ
                        —Ä–¥–∞–Ω, –ì–µ–ª—å–¥–µ—Ä]
You may provide a definition with
\DeclareUnicodeCharacter 


! Package inputenc Error: Unicode character —Ä (U+0440)
(inputenc)                not set up for use with LaTeX.

See the inputenc package documentation for explanation.
Type  H <return>  for immediate help.
 ...                                              
                                                  
l.3 \begin{theorem}[–ñ–æ—Ä
                          –¥–∞–Ω, –ì–µ–ª—å–¥–µ—Ä]
You may provide a definition with
\DeclareUnicodeCharacter 


! Package inputenc Error: Unicode character –¥ (U+0434)
(inputenc)                not set up for use with LaTeX.

See the inputenc package documentation for explanation.
Type  H <return>  for immediate help.
 ...                                              
                                                  
l.3 \begin{theorem}[–ñ–æ—Ä–¥
                            –∞–Ω, –ì–µ–ª—å–¥–µ—Ä]
You may provide a definition with
\DeclareUnicodeCharacter 


! Package inputenc Error: Unicode character –∞ (U+0430)
(inputenc)                not set up for use with LaTeX.

See the inputenc package documentation for explanation.
Type  H <return>  for immediate help.
 ...                                              
                                                  
l.3 \begin{theorem}[–ñ–æ—Ä–¥–∞
                              –Ω, –ì–µ–ª—å–¥–µ—Ä]
You may provide a definition with
\DeclareUnicodeCharacter 


! Package inputenc Error: Unicode character –Ω (U+043D)
(inputenc)                not set up for use with LaTeX.

See the inputenc package documentation for explanation.
Type  H <return>  for immediate help.
 ...                                              
                                                  
l.3 \begin{theorem}[–ñ–æ—Ä–¥–∞–Ω
                                , –ì–µ–ª—å–¥–µ—Ä]
You may provide a definition with
\DeclareUnicodeCharacter 

Missing character: There is no , in font nullfont!

! Package inputenc Error: Unicode character –ì (U+0413)
(inputenc)                not set up for use with LaTeX.

See the inputenc package documentation for explanation.
Type  H <return>  for immediate help.
 ...                                              
                                                  
l.3 \begin{theorem}[–ñ–æ—Ä–¥–∞–Ω, –ì
                                    –µ–ª—å–¥–µ—Ä]
You may provide a definition with
\DeclareUnicodeCharacter 


! Package inputenc Error: Unicode character –µ (U+0435)
(inputenc)                not set up for use with LaTeX.

See the inputenc package documentation for explanation.
Type  H <return>  for immediate help.
 ...                                              
                                                  
l.3 \begin{theorem}[–ñ–æ—Ä–¥–∞–Ω, –ì–µ
                                      –ª—å–¥–µ—Ä]
You may provide a definition with
\DeclareUnicodeCharacter 


! Package inputenc Error: Unicode character –ª (U+043B)
(inputenc)                not set up for use with LaTeX.

See the inputenc package documentation for explanation.
Type  H <return>  for immediate help.
 ...                                              
                                                  
l.3 \begin{theorem}[–ñ–æ—Ä–¥–∞–Ω, –ì–µ–ª
                                        —å–¥–µ—Ä]
You may provide a definition with
\DeclareUnicodeCharacter 


! Package inputenc Error: Unicode character —å (U+044C)
(inputenc)                not set up for use with LaTeX.

See the inputenc package documentation for explanation.
Type  H <return>  for immediate help.
 ...                                              
                                                  
l.3 \begin{theorem}[–ñ–æ—Ä–¥–∞–Ω, –ì–µ–ª—å
                                          –¥–µ—Ä]
You may provide a definition with
\DeclareUnicodeCharacter 


! Package inputenc Error: Unicode character –¥ (U+0434)
(inputenc)                not set up for use with LaTeX.

See the inputenc package documentation for explanation.
Type  H <return>  for immediate help.
 ...                                              
                                                  
l.3 \begin{theorem}[–ñ–æ—Ä–¥–∞–Ω, –ì–µ–ª—å–¥
                                            –µ—Ä]
You may provide a definition with
\DeclareUnicodeCharacter 


! Package inputenc Error: Unicode character –µ (U+0435)
(inputenc)                not set up for use with LaTeX.

See the inputenc package documentation for explanation.
Type  H <return>  for immediate help.
 ...                                              
                                                  
l.3 \begin{theorem}[–ñ–æ—Ä–¥–∞–Ω, –ì–µ–ª—å–¥–µ
                                              —Ä]
You may provide a definition with
\DeclareUnicodeCharacter 


! Package inputenc Error: Unicode character —Ä (U+0440)
(inputenc)                not set up for use with LaTeX.

See the inputenc package documentation for explanation.
Type  H <return>  for immediate help.
 ...                                              
                                                  
l.3 \begin{theorem}[–ñ–æ—Ä–¥–∞–Ω, –ì–µ–ª—å–¥–µ—Ä
                                                ]
You may provide a definition with
\DeclareUnicodeCharacter 

Missing character: There is no ] in font nullfont!

! Package inputenc Error: Unicode character –ü (U+041F)
(inputenc)                not set up for use with LaTeX.

See the inputenc package documentation for explanation.
Type  H <return>  for immediate help.
 ...                                              
                                                  
l.4 	–ü
       —É—Å—Ç—å $ G $ --- –∫–æ–Ω–µ—á–Ω–∞—è –≥—Ä—É–ø–ø–∞. –¢–æ–≥–¥–∞ —Å—É—â–µ...

You may provide a definition with
\DeclareUnicodeCharacter 


! Package inputenc Error: Unicode character —É (U+0443)
(inputenc)                not set up for use with LaTeX.

See the inputenc package documentation for explanation.
Type  H <return>  for immediate help.
 ...                                              
                                                  
l.4 	–ü—É
         —Å—Ç—å $ G $ --- –∫–æ–Ω–µ—á–Ω–∞—è –≥—Ä—É–ø–ø–∞. –¢–æ–≥–¥–∞ —Å—É—â–µ...

You may provide a definition with
\DeclareUnicodeCharacter 


! Package inputenc Error: Unicode character —Å (U+0441)
(inputenc)                not set up for use with LaTeX.

See the inputenc package documentation for explanation.
Type  H <return>  for immediate help.
 ...                                              
                                                  
l.4 	–ü—É—Å
           —Ç—å $ G $ --- –∫–æ–Ω–µ—á–Ω–∞—è –≥—Ä—É–ø–ø–∞. –¢–æ–≥–¥–∞ —Å—É—â–µ...

You may provide a definition with
\DeclareUnicodeCharacter 


! Package inputenc Error: Unicode character —Ç (U+0442)
(inputenc)                not set up for use with LaTeX.

See the inputenc package documentation for explanation.
Type  H <return>  for immediate help.
 ...                                              
                                                  
l.4 	–ü—É—Å—Ç
             —å $ G $ --- –∫–æ–Ω–µ—á–Ω–∞—è –≥—Ä—É–ø–ø–∞. –¢–æ–≥–¥–∞ —Å—É—â–µ...

You may provide a definition with
\DeclareUnicodeCharacter 


! Package inputenc Error: Unicode character —å (U+044C)
(inputenc)                not set up for use with LaTeX.

See the inputenc package documentation for explanation.
Type  H <return>  for immediate help.
 ...                                              
                                                  
l.4 	–ü—É—Å—Ç—å
                $ G $ --- –∫–æ–Ω–µ—á–Ω–∞—è –≥—Ä—É–ø–ø–∞. –¢–æ–≥–¥–∞ —Å—É—â–µ...

You may provide a definition with
\DeclareUnicodeCharacter 

LaTeX Font Info:    External font `cmex10' loaded for size
(Font)              <7> on input line 4.
LaTeX Font Info:    External font `cmex10' loaded for size
(Font)              <5> on input line 4.
Missing character: There is no - in font nullfont!
Missing character: There is no - in font nullfont!
Missing character: There is no - in font nullfont!

! Package inputenc Error: Unicode character –∫ (U+043A)
(inputenc)                not set up for use with LaTeX.

See the inputenc package documentation for explanation.
Type  H <return>  for immediate help.
 ...                                              
                                                  
l.4 	–ü—É—Å—Ç—å $ G $ --- –∫
                            –æ–Ω–µ—á–Ω–∞—è –≥—Ä—É–ø–ø–∞. –¢–æ–≥–¥–∞ —Å—É—â–µ...

You may provide a definition with
\DeclareUnicodeCharacter 


! Package inputenc Error: Unicode character –æ (U+043E)
(inputenc)                not set up for use with LaTeX.

See the inputenc package documentation for explanation.
Type  H <return>  for immediate help.
 ...                                              
                                                  
l.4 	–ü—É—Å—Ç—å $ G $ --- –∫–æ
                              –Ω–µ—á–Ω–∞—è –≥—Ä—É–ø–ø–∞. –¢–æ–≥–¥–∞ —Å—É—â–µ...

You may provide a definition with
\DeclareUnicodeCharacter 


! Package inputenc Error: Unicode character –Ω (U+043D)
(inputenc)                not set up for use with LaTeX.

See the inputenc package documentation for explanation.
Type  H <return>  for immediate help.
 ...                                              
                                                  
l.4 	–ü—É—Å—Ç—å $ G $ --- –∫–æ–Ω
                                –µ—á–Ω–∞—è –≥—Ä—É–ø–ø–∞. –¢–æ–≥–¥–∞ —Å—É—â–µ...

You may provide a definition with
\DeclareUnicodeCharacter 


! Package inputenc Error: Unicode character –µ (U+0435)
(inputenc)                not set up for use with LaTeX.

See the inputenc package documentation for explanation.
Type  H <return>  for immediate help.
 ...                                              
                                                  
l.4 	–ü—É—Å—Ç—å $ G $ --- –∫–æ–Ω–µ
                                  —á–Ω–∞—è –≥—Ä—É–ø–ø–∞. –¢–æ–≥–¥–∞ —Å—É—â–µ...

You may provide a definition with
\DeclareUnicodeCharacter 


! Package inputenc Error: Unicode character —á (U+0447)
(inputenc)                not set up for use with LaTeX.

See the inputenc package documentation for explanation.
Type  H <return>  for immediate help.
 ...                                              
                                                  
l.4 	–ü—É—Å—Ç—å $ G $ --- –∫–æ–Ω–µ—á
                                    –Ω–∞—è –≥—Ä—É–ø–ø–∞. –¢–æ–≥–¥–∞ —Å—É—â–µ...

You may provide a definition with
\DeclareUnicodeCharacter 


! Package inputenc Error: Unicode character –Ω (U+043D)
(inputenc)                not set up for use with LaTeX.

See the inputenc package documentation for explanation.
Type  H <return>  for immediate help.
 ...                                              
                                                  
l.4 	–ü—É—Å—Ç—å $ G $ --- –∫–æ–Ω–µ—á–Ω
                                      –∞—è –≥—Ä—É–ø–ø–∞. –¢–æ–≥–¥–∞ —Å—É—â–µ...

You may provide a definition with
\DeclareUnicodeCharacter 


! Package inputenc Error: Unicode character –∞ (U+0430)
(inputenc)                not set up for use with LaTeX.

See the inputenc package documentation for explanation.
Type  H <return>  for immediate help.
 ...                                              
                                                  
l.4 	–ü—É—Å—Ç—å $ G $ --- –∫–æ–Ω–µ—á–Ω–∞
                                        —è –≥—Ä—É–ø–ø–∞. –¢–æ–≥–¥–∞ —Å—É—â–µ...

You may provide a definition with
\DeclareUnicodeCharacter 


! Package inputenc Error: Unicode character —è (U+044F)
(inputenc)                not set up for use with LaTeX.

See the inputenc package documentation for explanation.
Type  H <return>  for immediate help.
 ...                                              
                                                  
l.4 	–ü—É—Å—Ç—å $ G $ --- –∫–æ–Ω–µ—á–Ω–∞—è
                                           –≥—Ä—É–ø–ø–∞. –¢–æ–≥–¥–∞ —Å—É—â–µ...

You may provide a definition with
\DeclareUnicodeCharacter 


! Package inputenc Error: Unicode character –≥ (U+0433)
(inputenc)                not set up for use with LaTeX.

See the inputenc package documentation for explanation.
Type  H <return>  for immediate help.
 ...                                              
                                                  
l.4 	–ü—É—Å—Ç—å $ G $ --- –∫–æ–Ω–µ—á–Ω–∞—è –≥
                                             —Ä—É–ø–ø–∞. –¢–æ–≥–¥–∞ —Å—É—â–µ...

You may provide a definition with
\DeclareUnicodeCharacter 


! Package inputenc Error: Unicode character —Ä (U+0440)
(inputenc)                not set up for use with LaTeX.

See the inputenc package documentation for explanation.
Type  H <return>  for immediate help.
 ...                                              
                                                  
l.4 	–ü—É—Å—Ç—å $ G $ --- –∫–æ–Ω–µ—á–Ω–∞—è –≥—Ä
                                               —É–ø–ø–∞. –¢–æ–≥–¥–∞ —Å—É—â–µ...

You may provide a definition with
\DeclareUnicodeCharacter 


! Package inputenc Error: Unicode character —É (U+0443)
(inputenc)                not set up for use with LaTeX.

See the inputenc package documentation for explanation.
Type  H <return>  for immediate help.
 ...                                              
                                                  
l.4 	–ü—É—Å—Ç—å $ G $ --- –∫–æ–Ω–µ—á–Ω–∞—è –≥—Ä—É
                                                 –ø–ø–∞. –¢–æ–≥–¥–∞ —Å—É—â–µ...

You may provide a definition with
\DeclareUnicodeCharacter 


! Package inputenc Error: Unicode character –ø (U+043F)
(inputenc)                not set up for use with LaTeX.

See the inputenc package documentation for explanation.
Type  H <return>  for immediate help.
 ...                                              
                                                  
l.4 ...É—Å—Ç—å $ G $ --- –∫–æ–Ω–µ—á–Ω–∞—è –≥—Ä—É–ø
                                                  –ø–∞. –¢–æ–≥–¥–∞ —Å—É—â–µ—...

You may provide a definition with
\DeclareUnicodeCharacter 


! Package inputenc Error: Unicode character –ø (U+043F)
(inputenc)                not set up for use with LaTeX.

See the inputenc package documentation for explanation.
Type  H <return>  for immediate help.
 ...                                              
                                                  
l.4 ...Å—Ç—å $ G $ --- –∫–æ–Ω–µ—á–Ω–∞—è –≥—Ä—É–ø–ø
                                                  –∞. –¢–æ–≥–¥–∞ —Å—É—â–µ—Å—...

You may provide a definition with
\DeclareUnicodeCharacter 


! Package inputenc Error: Unicode character –∞ (U+0430)
(inputenc)                not set up for use with LaTeX.

See the inputenc package documentation for explanation.
Type  H <return>  for immediate help.
 ...                                              
                                                  
l.4 ...Ç—å $ G $ --- –∫–æ–Ω–µ—á–Ω–∞—è –≥—Ä—É–ø–ø–∞
                                                  . –¢–æ–≥–¥–∞ —Å—É—â–µ—Å—Ç–...

You may provide a definition with
\DeclareUnicodeCharacter 

Missing character: There is no . in font nullfont!

! Package inputenc Error: Unicode character –¢ (U+0422)
(inputenc)                not set up for use with LaTeX.

See the inputenc package documentation for explanation.
Type  H <return>  for immediate help.
 ...                                              
                                                  
l.4 ...$ G $ --- –∫–æ–Ω–µ—á–Ω–∞—è –≥—Ä—É–ø–ø–∞. –¢
                                                  –æ–≥–¥–∞ —Å—É—â–µ—Å—Ç–≤—É–...

You may provide a definition with
\DeclareUnicodeCharacter 


! Package inputenc Error: Unicode character –æ (U+043E)
(inputenc)                not set up for use with LaTeX.

See the inputenc package documentation for explanation.
Type  H <return>  for immediate help.
 ...                                              
                                                  
l.4 ...G $ --- –∫–æ–Ω–µ—á–Ω–∞—è –≥—Ä—É–ø–ø–∞. –¢–æ
                                                  –≥–¥–∞ —Å—É—â–µ—Å—Ç–≤—É–µ—...

You may provide a definition with
\DeclareUnicodeCharacter 


! Package inputenc Error: Unicode character –≥ (U+0433)
(inputenc)                not set up for use with LaTeX.

See the inputenc package documentation for explanation.
Type  H <return>  for immediate help.
 ...                                              
                                                  
l.4 ...$ --- –∫–æ–Ω–µ—á–Ω–∞—è –≥—Ä—É–ø–ø–∞. –¢–æ–≥
                                                  –¥–∞ —Å—É—â–µ—Å—Ç–≤—É–µ—Ç ...

You may provide a definition with
\DeclareUnicodeCharacter 


! Package inputenc Error: Unicode character –¥ (U+0434)
(inputenc)                not set up for use with LaTeX.

See the inputenc package documentation for explanation.
Type  H <return>  for immediate help.
 ...                                              
                                                  
l.4 ...--- –∫–æ–Ω–µ—á–Ω–∞—è –≥—Ä—É–ø–ø–∞. –¢–æ–≥–¥
                                                  –∞ —Å—É—â–µ—Å—Ç–≤—É–µ—Ç –∫...

You may provide a definition with
\DeclareUnicodeCharacter 


! Package inputenc Error: Unicode character –∞ (U+0430)
(inputenc)                not set up for use with LaTeX.

See the inputenc package documentation for explanation.
Type  H <return>  for immediate help.
 ...                                              
                                                  
l.4 ...- –∫–æ–Ω–µ—á–Ω–∞—è –≥—Ä—É–ø–ø–∞. –¢–æ–≥–¥–∞
                                                   —Å—É—â–µ—Å—Ç–≤—É–µ—Ç –∫–æ...

You may provide a definition with
\DeclareUnicodeCharacter 


! Package inputenc Error: Unicode character —Å (U+0441)
(inputenc)                not set up for use with LaTeX.

See the inputenc package documentation for explanation.
Type  H <return>  for immediate help.
 ...                                              
                                                  
l.4 ...∫–æ–Ω–µ—á–Ω–∞—è –≥—Ä—É–ø–ø–∞. –¢–æ–≥–¥–∞ —Å
                                                  —É—â–µ—Å—Ç–≤—É–µ—Ç –∫–æ–º–...

You may provide a definition with
\DeclareUnicodeCharacter 


! Package inputenc Error: Unicode character —É (U+0443)
(inputenc)                not set up for use with LaTeX.

See the inputenc package documentation for explanation.
Type  H <return>  for immediate help.
 ...                                              
                                                  
l.4 ...æ–Ω–µ—á–Ω–∞—è –≥—Ä—É–ø–ø–∞. –¢–æ–≥–¥–∞ —Å—É
                                                  —â–µ—Å—Ç–≤—É–µ—Ç –∫–æ–º–ø–...

You may provide a definition with
\DeclareUnicodeCharacter 


! Package inputenc Error: Unicode character —â (U+0449)
(inputenc)                not set up for use with LaTeX.

See the inputenc package documentation for explanation.
Type  H <return>  for immediate help.
 ...                                              
                                                  
l.4 ...Ω–µ—á–Ω–∞—è –≥—Ä—É–ø–ø–∞. –¢–æ–≥–¥–∞ —Å—É—â
                                                  –µ—Å—Ç–≤—É–µ—Ç –∫–æ–º–ø–æ–...

You may provide a definition with
\DeclareUnicodeCharacter 


! Package inputenc Error: Unicode character –µ (U+0435)
(inputenc)                not set up for use with LaTeX.

See the inputenc package documentation for explanation.
Type  H <return>  for immediate help.
 ...                                              
                                                  
l.4 ...µ—á–Ω–∞—è –≥—Ä—É–ø–ø–∞. –¢–æ–≥–¥–∞ —Å—É—â–µ
                                                  —Å—Ç–≤—É–µ—Ç –∫–æ–º–ø–æ–∑–...

You may provide a definition with
\DeclareUnicodeCharacter 


! Package inputenc Error: Unicode character —Å (U+0441)
(inputenc)                not set up for use with LaTeX.

See the inputenc package documentation for explanation.
Type  H <return>  for immediate help.
 ...                                              
                                                  
l.4 ...á–Ω–∞—è –≥—Ä—É–ø–ø–∞. –¢–æ–≥–¥–∞ —Å—É—â–µ—Å
                                                  —Ç–≤—É–µ—Ç –∫–æ–º–ø–æ–∑–∏—...

You may provide a definition with
\DeclareUnicodeCharacter 


! Package inputenc Error: Unicode character —Ç (U+0442)
(inputenc)                not set up for use with LaTeX.

See the inputenc package documentation for explanation.
Type  H <return>  for immediate help.
 ...                                              
                                                  
l.4 ...Ω–∞—è –≥—Ä—É–ø–ø–∞. –¢–æ–≥–¥–∞ —Å—É—â–µ—Å—Ç
                                                  –≤—É–µ—Ç –∫–æ–º–ø–æ–∑–∏—Ü–...

You may provide a definition with
\DeclareUnicodeCharacter 


! Package inputenc Error: Unicode character –≤ (U+0432)
(inputenc)                not set up for use with LaTeX.

See the inputenc package documentation for explanation.
Type  H <return>  for immediate help.
 ...                                              
                                                  
l.4 ...∞—è –≥—Ä—É–ø–ø–∞. –¢–æ–≥–¥–∞ —Å—É—â–µ—Å—Ç–≤
                                                  —É–µ—Ç –∫–æ–º–ø–æ–∑–∏—Ü–∏–...

You may provide a definition with
\DeclareUnicodeCharacter 


! Package inputenc Error: Unicode character —É (U+0443)
(inputenc)                not set up for use with LaTeX.

See the inputenc package documentation for explanation.
Type  H <return>  for immediate help.
 ...                                              
                                                  
l.4 ...è –≥—Ä—É–ø–ø–∞. –¢–æ–≥–¥–∞ —Å—É—â–µ—Å—Ç–≤—É
                                                  –µ—Ç –∫–æ–º–ø–æ–∑–∏—Ü–∏–æ–...

You may provide a definition with
\DeclareUnicodeCharacter 


! Package inputenc Error: Unicode character –µ (U+0435)
(inputenc)                not set up for use with LaTeX.

See the inputenc package documentation for explanation.
Type  H <return>  for immediate help.
 ...                                              
                                                  
l.4 ...–≥—Ä—É–ø–ø–∞. –¢–æ–≥–¥–∞ —Å—É—â–µ—Å—Ç–≤—É–µ
                                                  —Ç –∫–æ–º–ø–æ–∑–∏—Ü–∏–æ–Ω–...

You may provide a definition with
\DeclareUnicodeCharacter 


! Package inputenc Error: Unicode character —Ç (U+0442)
(inputenc)                not set up for use with LaTeX.

See the inputenc package documentation for explanation.
Type  H <return>  for immediate help.
 ...                                              
                                                  
l.4 ...—Ä—É–ø–ø–∞. –¢–æ–≥–¥–∞ —Å—É—â–µ—Å—Ç–≤—É–µ—Ç
                                                   –∫–æ–º–ø–æ–∑–∏—Ü–∏–æ–Ω–Ω—...

You may provide a definition with
\DeclareUnicodeCharacter 


! Package inputenc Error: Unicode character –∫ (U+043A)
(inputenc)                not set up for use with LaTeX.

See the inputenc package documentation for explanation.
Type  H <return>  for immediate help.
 ...                                              
                                                  
l.4 ...É–ø–ø–∞. –¢–æ–≥–¥–∞ —Å—É—â–µ—Å—Ç–≤—É–µ—Ç –∫
                                                  –æ–º–ø–æ–∑–∏—Ü–∏–æ–Ω–Ω—ã–π...

You may provide a definition with
\DeclareUnicodeCharacter 


! Package inputenc Error: Unicode character –æ (U+043E)
(inputenc)                not set up for use with LaTeX.

See the inputenc package documentation for explanation.
Type  H <return>  for immediate help.
 ...                                              
                                                  
l.4 ...ø–ø–∞. –¢–æ–≥–¥–∞ —Å—É—â–µ—Å—Ç–≤—É–µ—Ç –∫–æ
                                                  –º–ø–æ–∑–∏—Ü–∏–æ–Ω–Ω—ã–π —...

You may provide a definition with
\DeclareUnicodeCharacter 


! Package inputenc Error: Unicode character –º (U+043C)
(inputenc)                not set up for use with LaTeX.

See the inputenc package documentation for explanation.
Type  H <return>  for immediate help.
 ...                                              
                                                  
l.4 ...ø–∞. –¢–æ–≥–¥–∞ —Å—É—â–µ—Å—Ç–≤—É–µ—Ç –∫–æ–º
                                                  –ø–æ–∑–∏—Ü–∏–æ–Ω–Ω—ã–π —Ä—è–¥

You may provide a definition with
\DeclareUnicodeCharacter 


! Package inputenc Error: Unicode character –ø (U+043F)
(inputenc)                not set up for use with LaTeX.

See the inputenc package documentation for explanation.
Type  H <return>  for immediate help.
 ...                                              
                                                  
l.4 ...∞. –¢–æ–≥–¥–∞ —Å—É—â–µ—Å—Ç–≤—É–µ—Ç –∫–æ–º–ø
                                                  –æ–∑–∏—Ü–∏–æ–Ω–Ω—ã–π —Ä—è–¥
You may provide a definition with
\DeclareUnicodeCharacter 


! Package inputenc Error: Unicode character –æ (U+043E)
(inputenc)                not set up for use with LaTeX.

See the inputenc package documentation for explanation.
Type  H <return>  for immediate help.
 ...                                              
                                                  
l.4 ... –¢–æ–≥–¥–∞ —Å—É—â–µ—Å—Ç–≤—É–µ—Ç –∫–æ–º–ø–æ
                                                  –∑–∏—Ü–∏–æ–Ω–Ω—ã–π —Ä—è–¥
You may provide a definition with
\DeclareUnicodeCharacter 


! Package inputenc Error: Unicode character –∑ (U+0437)
(inputenc)                not set up for use with LaTeX.

See the inputenc package documentation for explanation.
Type  H <return>  for immediate help.
 ...                                              
                                                  
l.4 ...¢–æ–≥–¥–∞ —Å—É—â–µ—Å—Ç–≤—É–µ—Ç –∫–æ–º–ø–æ–∑
                                                  –∏—Ü–∏–æ–Ω–Ω—ã–π —Ä—è–¥
You may provide a definition with
\DeclareUnicodeCharacter 


! Package inputenc Error: Unicode character –∏ (U+0438)
(inputenc)                not set up for use with LaTeX.

See the inputenc package documentation for explanation.
Type  H <return>  for immediate help.
 ...                                              
                                                  
l.4 ...æ–≥–¥–∞ —Å—É—â–µ—Å—Ç–≤—É–µ—Ç –∫–æ–º–ø–æ–∑–∏
                                                  —Ü–∏–æ–Ω–Ω—ã–π —Ä—è–¥
You may provide a definition with
\DeclareUnicodeCharacter 


! Package inputenc Error: Unicode character —Ü (U+0446)
(inputenc)                not set up for use with LaTeX.

See the inputenc package documentation for explanation.
Type  H <return>  for immediate help.
 ...                                              
                                                  
l.4 ...≥–¥–∞ —Å—É—â–µ—Å—Ç–≤—É–µ—Ç –∫–æ–º–ø–æ–∑–∏—Ü
                                                  –∏–æ–Ω–Ω—ã–π —Ä—è–¥
You may provide a definition with
\DeclareUnicodeCharacter 


! Package inputenc Error: Unicode character –∏ (U+0438)
(inputenc)                not set up for use with LaTeX.

See the inputenc package documentation for explanation.
Type  H <return>  for immediate help.
 ...                                              
                                                  
l.4 ...¥–∞ —Å—É—â–µ—Å—Ç–≤—É–µ—Ç –∫–æ–º–ø–æ–∑–∏—Ü–∏
                                                  –æ–Ω–Ω—ã–π —Ä—è–¥
You may provide a definition with
\DeclareUnicodeCharacter 


! Package inputenc Error: Unicode character –æ (U+043E)
(inputenc)                not set up for use with LaTeX.

See the inputenc package documentation for explanation.
Type  H <return>  for immediate help.
 ...                                              
                                                  
l.4 ...∞ —Å—É—â–µ—Å—Ç–≤—É–µ—Ç –∫–æ–º–ø–æ–∑–∏—Ü–∏–æ
                                                  –Ω–Ω—ã–π —Ä—è–¥
You may provide a definition with
\DeclareUnicodeCharacter 


! Package inputenc Error: Unicode character –Ω (U+043D)
(inputenc)                not set up for use with LaTeX.

See the inputenc package documentation for explanation.
Type  H <return>  for immediate help.
 ...                                              
                                                  
l.4 ...—Å—É—â–µ—Å—Ç–≤—É–µ—Ç –∫–æ–º–ø–æ–∑–∏—Ü–∏–æ–Ω
                                                  –Ω—ã–π —Ä—è–¥
You may provide a definition with
\DeclareUnicodeCharacter 


! Package inputenc Error: Unicode character –Ω (U+043D)
(inputenc)                not set up for use with LaTeX.

See the inputenc package documentation for explanation.
Type  H <return>  for immediate help.
 ...                                              
                                                  
l.4 ...—É—â–µ—Å—Ç–≤—É–µ—Ç –∫–æ–º–ø–æ–∑–∏—Ü–∏–æ–Ω–Ω
                                                  —ã–π —Ä—è–¥
You may provide a definition with
\DeclareUnicodeCharacter 


! Package inputenc Error: Unicode character —ã (U+044B)
(inputenc)                not set up for use with LaTeX.

See the inputenc package documentation for explanation.
Type  H <return>  for immediate help.
 ...                                              
                                                  
l.4 ...—â–µ—Å—Ç–≤—É–µ—Ç –∫–æ–º–ø–æ–∑–∏—Ü–∏–æ–Ω–Ω—ã
                                                  –π —Ä—è–¥
You may provide a definition with
\DeclareUnicodeCharacter 


! Package inputenc Error: Unicode character –π (U+0439)
(inputenc)                not set up for use with LaTeX.

See the inputenc package documentation for explanation.
Type  H <return>  for immediate help.
 ...                                              
                                                  
l.4 ...–µ—Å—Ç–≤—É–µ—Ç –∫–æ–º–ø–æ–∑–∏—Ü–∏–æ–Ω–Ω—ã–π
                                                   —Ä—è–¥
You may provide a definition with
\DeclareUnicodeCharacter 


! Package inputenc Error: Unicode character —Ä (U+0440)
(inputenc)                not set up for use with LaTeX.

See the inputenc package documentation for explanation.
Type  H <return>  for immediate help.
 ...                                              
                                                  
l.4 ...Å—Ç–≤—É–µ—Ç –∫–æ–º–ø–æ–∑–∏—Ü–∏–æ–Ω–Ω—ã–π —Ä
                                                  —è–¥
You may provide a definition with
\DeclareUnicodeCharacter 


! Package inputenc Error: Unicode character —è (U+044F)
(inputenc)                not set up for use with LaTeX.

See the inputenc package documentation for explanation.
Type  H <return>  for immediate help.
 ...                                              
                                                  
l.4 ...Ç–≤—É–µ—Ç –∫–æ–º–ø–æ–∑–∏—Ü–∏–æ–Ω–Ω—ã–π —Ä—è
                                                  –¥
You may provide a definition with
\DeclareUnicodeCharacter 


! Package inputenc Error: Unicode character –¥ (U+0434)
(inputenc)                not set up for use with LaTeX.

See the inputenc package documentation for explanation.
Type  H <return>  for immediate help.
 ...                                              
                                                  
l.4 ...≤—É–µ—Ç –∫–æ–º–ø–æ–∑–∏—Ü–∏–æ–Ω–Ω—ã–π —Ä—è–¥
                                                  
You may provide a definition with
\DeclareUnicodeCharacter 


Overfull \hbox (20.0pt too wide) in paragraph at lines 3--5
[]
 []


Overfull \hbox (7.86249pt too wide) in paragraph at lines 3--5
\OML/cmm/m/it/10 G$
 []


! LaTeX Error: Command \rhd not provided in base LaTeX2e.

See the LaTeX manual or LaTeX Companion for explanation.
Type  H <return>  for immediate help.
 ...                                              
                                                  
l.5 	$$ G = G_0 \rhd
                     G_1 \rhd \ldots \rhd G_n = \{e\}, $$
Load the latexsym or the amsfonts package to define this symbol


! LaTeX Error: Command \rhd not provided in base LaTeX2e.

See the LaTeX manual or LaTeX Companion for explanation.
Type  H <return>  for immediate help.
 ...                                              
                                                  
l.5 	$$ G = G_0 \rhd G_1 \rhd
                              \ldots \rhd G_n = \{e\}, $$
Load the latexsym or the amsfonts package to define this symbol


! LaTeX Error: Command \rhd not provided in base LaTeX2e.

See the LaTeX manual or LaTeX Companion for explanation.
Type  H <return>  for immediate help.
 ...                                              
                                                  
l.5 	$$ G = G_0 \rhd G_1 \rhd \ldots \rhd
                                          G_n = \{e\}, $$
Load the latexsym or the amsfonts package to define this symbol


Overfull \hbox (104.96593pt too wide) detected at line 5
\OML/cmm/m/it/10 G \OT1/cmr/m/n/10 = \OML/cmm/m/it/10 G[]G[] [] G[] \OT1/cmr/m/
n/10 = \OMS/cmsy/m/n/10 f\OML/cmm/m/it/10 e\OMS/cmsy/m/n/10 g\OML/cmm/m/it/10 ;

 []


! Package inputenc Error: Unicode character –ø (U+043F)
(inputenc)                not set up for use with LaTeX.

See the inputenc package documentation for explanation.
Type  H <return>  for immediate help.
 ...                                              
                                                  
l.6 	–ø
       —Ä–∏—á—ë–º —á–∏—Å–ª–æ $ n $ –∏ –Ω–∞–±–æ—Ä –ø—Ä–æ—Å—Ç—ã—Ö –≥—Ä—É–ø–ø $...

You may provide a definition with
\DeclareUnicodeCharacter 


! Package inputenc Error: Unicode character —Ä (U+0440)
(inputenc)                not set up for use with LaTeX.

See the inputenc package documentation for explanation.
Type  H <return>  for immediate help.
 ...                                              
                                                  
l.6 	–ø—Ä
         –∏—á—ë–º —á–∏—Å–ª–æ $ n $ –∏ –Ω–∞–±–æ—Ä –ø—Ä–æ—Å—Ç—ã—Ö –≥—Ä—É–ø–ø $...

You may provide a definition with
\DeclareUnicodeCharacter 


! Package inputenc Error: Unicode character –∏ (U+0438)
(inputenc)                not set up for use with LaTeX.

See the inputenc package documentation for explanation.
Type  H <return>  for immediate help.
 ...                                              
                                                  
l.6 	–ø—Ä–∏
           —á—ë–º —á–∏—Å–ª–æ $ n $ –∏ –Ω–∞–±–æ—Ä –ø—Ä–æ—Å—Ç—ã—Ö –≥—Ä—É–ø–ø $...

You may provide a definition with
\DeclareUnicodeCharacter 


! Package inputenc Error: Unicode character —á (U+0447)
(inputenc)                not set up for use with LaTeX.

See the inputenc package documentation for explanation.
Type  H <return>  for immediate help.
 ...                                              
                                                  
l.6 	–ø—Ä–∏—á
             —ë–º —á–∏—Å–ª–æ $ n $ –∏ –Ω–∞–±–æ—Ä –ø—Ä–æ—Å—Ç—ã—Ö –≥—Ä—É–ø–ø $...

You may provide a definition with
\DeclareUnicodeCharacter 


! Package inputenc Error: Unicode character —ë (U+0451)
(inputenc)                not set up for use with LaTeX.

See the inputenc package documentation for explanation.
Type  H <return>  for immediate help.
 ...                                              
                                                  
l.6 	–ø—Ä–∏—á—ë
               –º —á–∏—Å–ª–æ $ n $ –∏ –Ω–∞–±–æ—Ä –ø—Ä–æ—Å—Ç—ã—Ö –≥—Ä—É–ø–ø $...

You may provide a definition with
\DeclareUnicodeCharacter 


! Package inputenc Error: Unicode character –º (U+043C)
(inputenc)                not set up for use with LaTeX.

See the inputenc package documentation for explanation.
Type  H <return>  for immediate help.
 ...                                              
                                                  
l.6 	–ø—Ä–∏—á—ë–º
                  —á–∏—Å–ª–æ $ n $ –∏ –Ω–∞–±–æ—Ä –ø—Ä–æ—Å—Ç—ã—Ö –≥—Ä—É–ø–ø $...

You may provide a definition with
\DeclareUnicodeCharacter 


! Package inputenc Error: Unicode character —á (U+0447)
(inputenc)                not set up for use with LaTeX.

See the inputenc package documentation for explanation.
Type  H <return>  for immediate help.
 ...                                              
                                                  
l.6 	–ø—Ä–∏—á—ë–º —á
                    –∏—Å–ª–æ $ n $ –∏ –Ω–∞–±–æ—Ä –ø—Ä–æ—Å—Ç—ã—Ö –≥—Ä—É–ø–ø $...

You may provide a definition with
\DeclareUnicodeCharacter 


! Package inputenc Error: Unicode character –∏ (U+0438)
(inputenc)                not set up for use with LaTeX.

See the inputenc package documentation for explanation.
Type  H <return>  for immediate help.
 ...                                              
                                                  
l.6 	–ø—Ä–∏—á—ë–º —á–∏
                      —Å–ª–æ $ n $ –∏ –Ω–∞–±–æ—Ä –ø—Ä–æ—Å—Ç—ã—Ö –≥—Ä—É–ø–ø $...

You may provide a definition with
\DeclareUnicodeCharacter 


! Package inputenc Error: Unicode character —Å (U+0441)
(inputenc)                not set up for use with LaTeX.

See the inputenc package documentation for explanation.
Type  H <return>  for immediate help.
 ...                                              
                                                  
l.6 	–ø—Ä–∏—á—ë–º —á–∏—Å
                        –ª–æ $ n $ –∏ –Ω–∞–±–æ—Ä –ø—Ä–æ—Å—Ç—ã—Ö –≥—Ä—É–ø–ø $...

You may provide a definition with
\DeclareUnicodeCharacter 


! Package inputenc Error: Unicode character –ª (U+043B)
(inputenc)                not set up for use with LaTeX.

See the inputenc package documentation for explanation.
Type  H <return>  for immediate help.
 ...                                              
                                                  
l.6 	–ø—Ä–∏—á—ë–º —á–∏—Å–ª
                          –æ $ n $ –∏ –Ω–∞–±–æ—Ä –ø—Ä–æ—Å—Ç—ã—Ö –≥—Ä—É–ø–ø $...

You may provide a definition with
\DeclareUnicodeCharacter 


! Package inputenc Error: Unicode character –æ (U+043E)
(inputenc)                not set up for use with LaTeX.

See the inputenc package documentation for explanation.
Type  H <return>  for immediate help.
 ...                                              
                                                  
l.6 	–ø—Ä–∏—á—ë–º —á–∏—Å–ª–æ
                             $ n $ –∏ –Ω–∞–±–æ—Ä –ø—Ä–æ—Å—Ç—ã—Ö –≥—Ä—É–ø–ø $...

You may provide a definition with
\DeclareUnicodeCharacter 


! Package inputenc Error: Unicode character –∏ (U+0438)
(inputenc)                not set up for use with LaTeX.

See the inputenc package documentation for explanation.
Type  H <return>  for immediate help.
 ...                                              
                                                  
l.6 	–ø—Ä–∏—á—ë–º —á–∏—Å–ª–æ $ n $ –∏
                                      –Ω–∞–±–æ—Ä –ø—Ä–æ—Å—Ç—ã—Ö –≥—Ä—É–ø–ø $...

You may provide a definition with
\DeclareUnicodeCharacter 


! Package inputenc Error: Unicode character –Ω (U+043D)
(inputenc)                not set up for use with LaTeX.

See the inputenc package documentation for explanation.
Type  H <return>  for immediate help.
 ...                                              
                                                  
l.6 	–ø—Ä–∏—á—ë–º —á–∏—Å–ª–æ $ n $ –∏ –Ω
                                        –∞–±–æ—Ä –ø—Ä–æ—Å—Ç—ã—Ö –≥—Ä—É–ø–ø $...

You may provide a definition with
\DeclareUnicodeCharacter 


! Package inputenc Error: Unicode character –∞ (U+0430)
(inputenc)                not set up for use with LaTeX.

See the inputenc package documentation for explanation.
Type  H <return>  for immediate help.
 ...                                              
                                                  
l.6 	–ø—Ä–∏—á—ë–º —á–∏—Å–ª–æ $ n $ –∏ –Ω–∞
                                          –±–æ—Ä –ø—Ä–æ—Å—Ç—ã—Ö –≥—Ä—É–ø–ø $...

You may provide a definition with
\DeclareUnicodeCharacter 


! Package inputenc Error: Unicode character –± (U+0431)
(inputenc)                not set up for use with LaTeX.

See the inputenc package documentation for explanation.
Type  H <return>  for immediate help.
 ...                                              
                                                  
l.6 	–ø—Ä–∏—á—ë–º —á–∏—Å–ª–æ $ n $ –∏ –Ω–∞–±
                                            –æ—Ä –ø—Ä–æ—Å—Ç—ã—Ö –≥—Ä—É–ø–ø $...

You may provide a definition with
\DeclareUnicodeCharacter 


! Package inputenc Error: Unicode character –æ (U+043E)
(inputenc)                not set up for use with LaTeX.

See the inputenc package documentation for explanation.
Type  H <return>  for immediate help.
 ...                                              
                                                  
l.6 	–ø—Ä–∏—á—ë–º —á–∏—Å–ª–æ $ n $ –∏ –Ω–∞–±–æ
                                              —Ä –ø—Ä–æ—Å—Ç—ã—Ö –≥—Ä—É–ø–ø $...

You may provide a definition with
\DeclareUnicodeCharacter 


! Package inputenc Error: Unicode character —Ä (U+0440)
(inputenc)                not set up for use with LaTeX.

See the inputenc package documentation for explanation.
Type  H <return>  for immediate help.
 ...                                              
                                                  
l.6 	–ø—Ä–∏—á—ë–º —á–∏—Å–ª–æ $ n $ –∏ –Ω–∞–±–æ—Ä
                                                 –ø—Ä–æ—Å—Ç—ã—Ö –≥—Ä—É–ø–ø $...

You may provide a definition with
\DeclareUnicodeCharacter 


! Package inputenc Error: Unicode character –ø (U+043F)
(inputenc)                not set up for use with LaTeX.

See the inputenc package documentation for explanation.
Type  H <return>  for immediate help.
 ...                                              
                                                  
l.6 ...Ä–∏—á—ë–º —á–∏—Å–ª–æ $ n $ –∏ –Ω–∞–±–æ—Ä –ø
                                                  —Ä–æ—Å—Ç—ã—Ö –≥—Ä—É–ø–ø $ ...

You may provide a definition with
\DeclareUnicodeCharacter 


! Package inputenc Error: Unicode character —Ä (U+0440)
(inputenc)                not set up for use with LaTeX.

See the inputenc package documentation for explanation.
Type  H <return>  for immediate help.
 ...                                              
                                                  
l.6 ...∏—á—ë–º —á–∏—Å–ª–æ $ n $ –∏ –Ω–∞–±–æ—Ä –ø—Ä
                                                  –æ—Å—Ç—ã—Ö –≥—Ä—É–ø–ø $ \{...

You may provide a definition with
\DeclareUnicodeCharacter 


! Package inputenc Error: Unicode character –æ (U+043E)
(inputenc)                not set up for use with LaTeX.

See the inputenc package documentation for explanation.
Type  H <return>  for immediate help.
 ...                                              
                                                  
l.6 ...á—ë–º —á–∏—Å–ª–æ $ n $ –∏ –Ω–∞–±–æ—Ä –ø—Ä–æ
                                                  —Å—Ç—ã—Ö –≥—Ä—É–ø–ø $ \{G_...

You may provide a definition with
\DeclareUnicodeCharacter 


! Package inputenc Error: Unicode character —Å (U+0441)
(inputenc)                not set up for use with LaTeX.

See the inputenc package documentation for explanation.
Type  H <return>  for immediate help.
 ...                                              
                                                  
l.6 ...ë–º —á–∏—Å–ª–æ $ n $ –∏ –Ω–∞–±–æ—Ä –ø—Ä–æ—Å
                                                  —Ç—ã—Ö –≥—Ä—É–ø–ø $ \{G_i/...

You may provide a definition with
\DeclareUnicodeCharacter 


! Package inputenc Error: Unicode character —Ç (U+0442)
(inputenc)                not set up for use with LaTeX.

See the inputenc package documentation for explanation.
Type  H <return>  for immediate help.
 ...                                              
                                                  
l.6 ...º —á–∏—Å–ª–æ $ n $ –∏ –Ω–∞–±–æ—Ä –ø—Ä–æ—Å—Ç
                                                  —ã—Ö –≥—Ä—É–ø–ø $ \{G_i/G_...

You may provide a definition with
\DeclareUnicodeCharacter 


! Package inputenc Error: Unicode character —ã (U+044B)
(inputenc)                not set up for use with LaTeX.

See the inputenc package documentation for explanation.
Type  H <return>  for immediate help.
 ...                                              
                                                  
l.6 ...—á–∏—Å–ª–æ $ n $ –∏ –Ω–∞–±–æ—Ä –ø—Ä–æ—Å—Ç—ã
                                                  —Ö –≥—Ä—É–ø–ø $ \{G_i/G_{i...

You may provide a definition with
\DeclareUnicodeCharacter 


! Package inputenc Error: Unicode character —Ö (U+0445)
(inputenc)                not set up for use with LaTeX.

See the inputenc package documentation for explanation.
Type  H <return>  for immediate help.
 ...                                              
                                                  
l.6 ...–∏—Å–ª–æ $ n $ –∏ –Ω–∞–±–æ—Ä –ø—Ä–æ—Å—Ç—ã—Ö
                                                   –≥—Ä—É–ø–ø $ \{G_i/G_{i +...

You may provide a definition with
\DeclareUnicodeCharacter 


! Package inputenc Error: Unicode character –≥ (U+0433)
(inputenc)                not set up for use with LaTeX.

See the inputenc package documentation for explanation.
Type  H <return>  for immediate help.
 ...                                              
                                                  
l.6 ...Å–ª–æ $ n $ –∏ –Ω–∞–±–æ—Ä –ø—Ä–æ—Å—Ç—ã—Ö –≥
                                                  —Ä—É–ø–ø $ \{G_i/G_{i + 1}...

You may provide a definition with
\DeclareUnicodeCharacter 


! Package inputenc Error: Unicode character —Ä (U+0440)
(inputenc)                not set up for use with LaTeX.

See the inputenc package documentation for explanation.
Type  H <return>  for immediate help.
 ...                                              
                                                  
l.6 ...ª–æ $ n $ –∏ –Ω–∞–±–æ—Ä –ø—Ä–æ—Å—Ç—ã—Ö –≥—Ä
                                                  —É–ø–ø $ \{G_i/G_{i + 1}\}...

You may provide a definition with
\DeclareUnicodeCharacter 


! Package inputenc Error: Unicode character —É (U+0443)
(inputenc)                not set up for use with LaTeX.

See the inputenc package documentation for explanation.
Type  H <return>  for immediate help.
 ...                                              
                                                  
l.6 ...æ $ n $ –∏ –Ω–∞–±–æ—Ä –ø—Ä–æ—Å—Ç—ã—Ö –≥—Ä—É
                                                  –ø–ø $ \{G_i/G_{i + 1}\}_{...

You may provide a definition with
\DeclareUnicodeCharacter 


! Package inputenc Error: Unicode character –ø (U+043F)
(inputenc)                not set up for use with LaTeX.

See the inputenc package documentation for explanation.
Type  H <return>  for immediate help.
 ...                                              
                                                  
l.6 ...$ n $ –∏ –Ω–∞–±–æ—Ä –ø—Ä–æ—Å—Ç—ã—Ö –≥—Ä—É–ø
                                                  –ø $ \{G_i/G_{i + 1}\}_{i ...

You may provide a definition with
\DeclareUnicodeCharacter 


! Package inputenc Error: Unicode character –ø (U+043F)
(inputenc)                not set up for use with LaTeX.

See the inputenc package documentation for explanation.
Type  H <return>  for immediate help.
 ...                                              
                                                  
l.6 ...n $ –∏ –Ω–∞–±–æ—Ä –ø—Ä–æ—Å—Ç—ã—Ö –≥—Ä—É–ø–ø
                                                   $ \{G_i/G_{i + 1}\}_{i = ...

You may provide a definition with
\DeclareUnicodeCharacter 


! Package inputenc Error: Unicode character –æ (U+043E)
(inputenc)                not set up for use with LaTeX.

See the inputenc package documentation for explanation.
Type  H <return>  for immediate help.
 ...                                              
                                                  
l.6 ...–ø $ \{G_i/G_{i + 1}\}_{i = 0}^{n - 1} $ –æ
                                                  –ø—Ä–µ–¥–µ–ª–µ–Ω—ã –æ–¥–Ω–...

You may provide a definition with
\DeclareUnicodeCharacter 


! Package inputenc Error: Unicode character –ø (U+043F)
(inputenc)                not set up for use with LaTeX.

See the inputenc package documentation for explanation.
Type  H <return>  for immediate help.
 ...                                              
                                                  
l.6 ... $ \{G_i/G_{i + 1}\}_{i = 0}^{n - 1} $ –æ–ø
                                                  —Ä–µ–¥–µ–ª–µ–Ω—ã –æ–¥–Ω–æ–...
(That makes 100 errors; please try again.) 
Here is how much of TeX's memory you used:
 41 strings out of 492446
 701 string characters out of 3129615
 59504 words of memory out of 3000000
 4502 multiletter control sequences out of 15000+200000
 3640 words of font info for 14 fonts, out of 3000000 for 9000
 1141 hyphenation exceptions out of 8191
 18i,2n,12p,186b,72s stack positions out of 5000i,500n,10000p,200000b,50000s

!  ==> Fatal error occurred, no output PDF file produced!
