This is pdfTeX, Version 3.14159265-2.6-1.40.20 (MiKTeX 2.9.7250 64-bit) (preloaded format=pdflatex 2020.8.22)  17 NOV 2024 12:58
entering extended mode
**./Jacobson_Radical.tex
(Jacobson_Radical.tex
LaTeX2e <2019-10-01> patch level 3

! LaTeX Error: Environment theorem undefined.

See the LaTeX manual or LaTeX Companion for explanation.
Type  H <return>  for immediate help.
 ...                                              
                                                  
l.3 \begin{theorem}
                   
Your command was ignored.
Type  I <command> <return>  to replace it with another command,
or  <return>  to continue without it.


! Package inputenc Error: Unicode character –ü (U+041F)
(inputenc)                not set up for use with LaTeX.

See the inputenc package documentation for explanation.
Type  H <return>  for immediate help.
 ...                                              
                                                  
l.4 	–ü
       —É—Å—Ç—å $ R $ --- –∞—Å—Å–æ—Ü–∏–∞—Ç–∏–≤–Ω–æ–µ –∫–æ–ª—å—Ü–æ —Å –¥–≤—É—...

You may provide a definition with
\DeclareUnicodeCharacter 


! Package inputenc Error: Unicode character —É (U+0443)
(inputenc)                not set up for use with LaTeX.

See the inputenc package documentation for explanation.
Type  H <return>  for immediate help.
 ...                                              
                                                  
l.4 	–ü—É
         —Å—Ç—å $ R $ --- –∞—Å—Å–æ—Ü–∏–∞—Ç–∏–≤–Ω–æ–µ –∫–æ–ª—å—Ü–æ —Å –¥–≤—É—...

You may provide a definition with
\DeclareUnicodeCharacter 


! Package inputenc Error: Unicode character —Å (U+0441)
(inputenc)                not set up for use with LaTeX.

See the inputenc package documentation for explanation.
Type  H <return>  for immediate help.
 ...                                              
                                                  
l.4 	–ü—É—Å
           —Ç—å $ R $ --- –∞—Å—Å–æ—Ü–∏–∞—Ç–∏–≤–Ω–æ–µ –∫–æ–ª—å—Ü–æ —Å –¥–≤—É—...

You may provide a definition with
\DeclareUnicodeCharacter 


! Package inputenc Error: Unicode character —Ç (U+0442)
(inputenc)                not set up for use with LaTeX.

See the inputenc package documentation for explanation.
Type  H <return>  for immediate help.
 ...                                              
                                                  
l.4 	–ü—É—Å—Ç
             —å $ R $ --- –∞—Å—Å–æ—Ü–∏–∞—Ç–∏–≤–Ω–æ–µ –∫–æ–ª—å—Ü–æ —Å –¥–≤—É—...

You may provide a definition with
\DeclareUnicodeCharacter 


! Package inputenc Error: Unicode character —å (U+044C)
(inputenc)                not set up for use with LaTeX.

See the inputenc package documentation for explanation.
Type  H <return>  for immediate help.
 ...                                              
                                                  
l.4 	–ü—É—Å—Ç—å
                $ R $ --- –∞—Å—Å–æ—Ü–∏–∞—Ç–∏–≤–Ω–æ–µ –∫–æ–ª—å—Ü–æ —Å –¥–≤—É—...

You may provide a definition with
\DeclareUnicodeCharacter 


! LaTeX Error: Missing \begin{document}.

See the LaTeX manual or LaTeX Companion for explanation.
Type  H <return>  for immediate help.
 ...                                              
                                                  
l.4 	–ü—É—Å—Ç—å $
                  R $ --- –∞—Å—Å–æ—Ü–∏–∞—Ç–∏–≤–Ω–æ–µ –∫–æ–ª—å—Ü–æ —Å –¥–≤—É—...

You're in trouble here.  Try typing  <return>  to proceed.
If that doesn't work, type  X <return>  to quit.

LaTeX Font Info:    External font `cmex10' loaded for size
(Font)              <7> on input line 4.
LaTeX Font Info:    External font `cmex10' loaded for size
(Font)              <5> on input line 4.
Missing character: There is no - in font nullfont!
Missing character: There is no - in font nullfont!
Missing character: There is no - in font nullfont!

! Package inputenc Error: Unicode character –∞ (U+0430)
(inputenc)                not set up for use with LaTeX.

See the inputenc package documentation for explanation.
Type  H <return>  for immediate help.
 ...                                              
                                                  
l.4 	–ü—É—Å—Ç—å $ R $ --- –∞
                            —Å—Å–æ—Ü–∏–∞—Ç–∏–≤–Ω–æ–µ –∫–æ–ª—å—Ü–æ —Å –¥–≤—É—...

You may provide a definition with
\DeclareUnicodeCharacter 


! Package inputenc Error: Unicode character —Å (U+0441)
(inputenc)                not set up for use with LaTeX.

See the inputenc package documentation for explanation.
Type  H <return>  for immediate help.
 ...                                              
                                                  
l.4 	–ü—É—Å—Ç—å $ R $ --- –∞—Å
                              —Å–æ—Ü–∏–∞—Ç–∏–≤–Ω–æ–µ –∫–æ–ª—å—Ü–æ —Å –¥–≤—É—...

You may provide a definition with
\DeclareUnicodeCharacter 


! Package inputenc Error: Unicode character —Å (U+0441)
(inputenc)                not set up for use with LaTeX.

See the inputenc package documentation for explanation.
Type  H <return>  for immediate help.
 ...                                              
                                                  
l.4 	–ü—É—Å—Ç—å $ R $ --- –∞—Å—Å
                                –æ—Ü–∏–∞—Ç–∏–≤–Ω–æ–µ –∫–æ–ª—å—Ü–æ —Å –¥–≤—É—...

You may provide a definition with
\DeclareUnicodeCharacter 


! Package inputenc Error: Unicode character –æ (U+043E)
(inputenc)                not set up for use with LaTeX.

See the inputenc package documentation for explanation.
Type  H <return>  for immediate help.
 ...                                              
                                                  
l.4 	–ü—É—Å—Ç—å $ R $ --- –∞—Å—Å–æ
                                  —Ü–∏–∞—Ç–∏–≤–Ω–æ–µ –∫–æ–ª—å—Ü–æ —Å –¥–≤—É—...

You may provide a definition with
\DeclareUnicodeCharacter 


! Package inputenc Error: Unicode character —Ü (U+0446)
(inputenc)                not set up for use with LaTeX.

See the inputenc package documentation for explanation.
Type  H <return>  for immediate help.
 ...                                              
                                                  
l.4 	–ü—É—Å—Ç—å $ R $ --- –∞—Å—Å–æ—Ü
                                    –∏–∞—Ç–∏–≤–Ω–æ–µ –∫–æ–ª—å—Ü–æ —Å –¥–≤—É—...

You may provide a definition with
\DeclareUnicodeCharacter 


! Package inputenc Error: Unicode character –∏ (U+0438)
(inputenc)                not set up for use with LaTeX.

See the inputenc package documentation for explanation.
Type  H <return>  for immediate help.
 ...                                              
                                                  
l.4 	–ü—É—Å—Ç—å $ R $ --- –∞—Å—Å–æ—Ü–∏
                                      –∞—Ç–∏–≤–Ω–æ–µ –∫–æ–ª—å—Ü–æ —Å –¥–≤—É—...

You may provide a definition with
\DeclareUnicodeCharacter 


! Package inputenc Error: Unicode character –∞ (U+0430)
(inputenc)                not set up for use with LaTeX.

See the inputenc package documentation for explanation.
Type  H <return>  for immediate help.
 ...                                              
                                                  
l.4 	–ü—É—Å—Ç—å $ R $ --- –∞—Å—Å–æ—Ü–∏–∞
                                        —Ç–∏–≤–Ω–æ–µ –∫–æ–ª—å—Ü–æ —Å –¥–≤—É—...

You may provide a definition with
\DeclareUnicodeCharacter 


! Package inputenc Error: Unicode character —Ç (U+0442)
(inputenc)                not set up for use with LaTeX.

See the inputenc package documentation for explanation.
Type  H <return>  for immediate help.
 ...                                              
                                                  
l.4 	–ü—É—Å—Ç—å $ R $ --- –∞—Å—Å–æ—Ü–∏–∞—Ç
                                          –∏–≤–Ω–æ–µ –∫–æ–ª—å—Ü–æ —Å –¥–≤—É—...

You may provide a definition with
\DeclareUnicodeCharacter 


! Package inputenc Error: Unicode character –∏ (U+0438)
(inputenc)                not set up for use with LaTeX.

See the inputenc package documentation for explanation.
Type  H <return>  for immediate help.
 ...                                              
                                                  
l.4 	–ü—É—Å—Ç—å $ R $ --- –∞—Å—Å–æ—Ü–∏–∞—Ç–∏
                                            –≤–Ω–æ–µ –∫–æ–ª—å—Ü–æ —Å –¥–≤—É—...

You may provide a definition with
\DeclareUnicodeCharacter 


! Package inputenc Error: Unicode character –≤ (U+0432)
(inputenc)                not set up for use with LaTeX.

See the inputenc package documentation for explanation.
Type  H <return>  for immediate help.
 ...                                              
                                                  
l.4 	–ü—É—Å—Ç—å $ R $ --- –∞—Å—Å–æ—Ü–∏–∞—Ç–∏–≤
                                              –Ω–æ–µ –∫–æ–ª—å—Ü–æ —Å –¥–≤—É—...

You may provide a definition with
\DeclareUnicodeCharacter 


! Package inputenc Error: Unicode character –Ω (U+043D)
(inputenc)                not set up for use with LaTeX.

See the inputenc package documentation for explanation.
Type  H <return>  for immediate help.
 ...                                              
                                                  
l.4 	–ü—É—Å—Ç—å $ R $ --- –∞—Å—Å–æ—Ü–∏–∞—Ç–∏–≤–Ω
                                                –æ–µ –∫–æ–ª—å—Ü–æ —Å –¥–≤—É—...

You may provide a definition with
\DeclareUnicodeCharacter 


! Package inputenc Error: Unicode character –æ (U+043E)
(inputenc)                not set up for use with LaTeX.

See the inputenc package documentation for explanation.
Type  H <return>  for immediate help.
 ...                                              
                                                  
l.4 	–ü—É—Å—Ç—å $ R $ --- –∞—Å—Å–æ—Ü–∏–∞—Ç–∏–≤–Ω–æ
                                                  –µ –∫–æ–ª—å—Ü–æ —Å –¥–≤—É—...

You may provide a definition with
\DeclareUnicodeCharacter 


! Package inputenc Error: Unicode character –µ (U+0435)
(inputenc)                not set up for use with LaTeX.

See the inputenc package documentation for explanation.
Type  H <return>  for immediate help.
 ...                                              
                                                  
l.4 ...—Å—Ç—å $ R $ --- –∞—Å—Å–æ—Ü–∏–∞—Ç–∏–≤–Ω–æ–µ
                                                   –∫–æ–ª—å—Ü–æ —Å –¥–≤—É—Å—...

You may provide a definition with
\DeclareUnicodeCharacter 


! Package inputenc Error: Unicode character –∫ (U+043A)
(inputenc)                not set up for use with LaTeX.

See the inputenc package documentation for explanation.
Type  H <return>  for immediate help.
 ...                                              
                                                  
l.4 ...Ç—å $ R $ --- –∞—Å—Å–æ—Ü–∏–∞—Ç–∏–≤–Ω–æ–µ –∫
                                                  –æ–ª—å—Ü–æ —Å –¥–≤—É—Å—Ç–æ...

You may provide a definition with
\DeclareUnicodeCharacter 


! Package inputenc Error: Unicode character –æ (U+043E)
(inputenc)                not set up for use with LaTeX.

See the inputenc package documentation for explanation.
Type  H <return>  for immediate help.
 ...                                              
                                                  
l.4 ...å $ R $ --- –∞—Å—Å–æ—Ü–∏–∞—Ç–∏–≤–Ω–æ–µ –∫–æ
                                                  –ª—å—Ü–æ —Å –¥–≤—É—Å—Ç–æ—Ä...

You may provide a definition with
\DeclareUnicodeCharacter 


! Package inputenc Error: Unicode character –ª (U+043B)
(inputenc)                not set up for use with LaTeX.

See the inputenc package documentation for explanation.
Type  H <return>  for immediate help.
 ...                                              
                                                  
l.4 ...$ R $ --- –∞—Å—Å–æ—Ü–∏–∞—Ç–∏–≤–Ω–æ–µ –∫–æ–ª
                                                  —å—Ü–æ —Å –¥–≤—É—Å—Ç–æ—Ä–æ...

You may provide a definition with
\DeclareUnicodeCharacter 


! Package inputenc Error: Unicode character —å (U+044C)
(inputenc)                not set up for use with LaTeX.

See the inputenc package documentation for explanation.
Type  H <return>  for immediate help.
 ...                                              
                                                  
l.4 ...R $ --- –∞—Å—Å–æ—Ü–∏–∞—Ç–∏–≤–Ω–æ–µ –∫–æ–ª—å
                                                  —Ü–æ —Å –¥–≤—É—Å—Ç–æ—Ä–æ–Ω...

You may provide a definition with
\DeclareUnicodeCharacter 


! Package inputenc Error: Unicode character —Ü (U+0446)
(inputenc)                not set up for use with LaTeX.

See the inputenc package documentation for explanation.
Type  H <return>  for immediate help.
 ...                                              
                                                  
l.4 ...$ --- –∞—Å—Å–æ—Ü–∏–∞—Ç–∏–≤–Ω–æ–µ –∫–æ–ª—å—Ü
                                                  –æ —Å –¥–≤—É—Å—Ç–æ—Ä–æ–Ω–Ω...

You may provide a definition with
\DeclareUnicodeCharacter 


! Package inputenc Error: Unicode character –æ (U+043E)
(inputenc)                not set up for use with LaTeX.

See the inputenc package documentation for explanation.
Type  H <return>  for immediate help.
 ...                                              
                                                  
l.4 ...--- –∞—Å—Å–æ—Ü–∏–∞—Ç–∏–≤–Ω–æ–µ –∫–æ–ª—å—Ü–æ
                                                   —Å –¥–≤—É—Å—Ç–æ—Ä–æ–Ω–Ω–µ...

You may provide a definition with
\DeclareUnicodeCharacter 


! Package inputenc Error: Unicode character —Å (U+0441)
(inputenc)                not set up for use with LaTeX.

See the inputenc package documentation for explanation.
Type  H <return>  for immediate help.
 ...                                              
                                                  
l.4 ... –∞—Å—Å–æ—Ü–∏–∞—Ç–∏–≤–Ω–æ–µ –∫–æ–ª—å—Ü–æ —Å
                                                   –¥–≤—É—Å—Ç–æ—Ä–æ–Ω–Ω–µ–π ...

You may provide a definition with
\DeclareUnicodeCharacter 


! Package inputenc Error: Unicode character –¥ (U+0434)
(inputenc)                not set up for use with LaTeX.

See the inputenc package documentation for explanation.
Type  H <return>  for immediate help.
 ...                                              
                                                  
l.4 ...—Å—Å–æ—Ü–∏–∞—Ç–∏–≤–Ω–æ–µ –∫–æ–ª—å—Ü–æ —Å –¥
                                                  –≤—É—Å—Ç–æ—Ä–æ–Ω–Ω–µ–π –µ–...

You may provide a definition with
\DeclareUnicodeCharacter 


! Package inputenc Error: Unicode character –≤ (U+0432)
(inputenc)                not set up for use with LaTeX.

See the inputenc package documentation for explanation.
Type  H <return>  for immediate help.
 ...                                              
                                                  
l.4 ...—Å–æ—Ü–∏–∞—Ç–∏–≤–Ω–æ–µ –∫–æ–ª—å—Ü–æ —Å –¥–≤
                                                  —É—Å—Ç–æ—Ä–æ–Ω–Ω–µ–π –µ–¥–...

You may provide a definition with
\DeclareUnicodeCharacter 


! Package inputenc Error: Unicode character —É (U+0443)
(inputenc)                not set up for use with LaTeX.

See the inputenc package documentation for explanation.
Type  H <return>  for immediate help.
 ...                                              
                                                  
l.4 ...–æ—Ü–∏–∞—Ç–∏–≤–Ω–æ–µ –∫–æ–ª—å—Ü–æ —Å –¥–≤—É
                                                  —Å—Ç–æ—Ä–æ–Ω–Ω–µ–π –µ–¥–∏–...

You may provide a definition with
\DeclareUnicodeCharacter 


! Package inputenc Error: Unicode character —Å (U+0441)
(inputenc)                not set up for use with LaTeX.

See the inputenc package documentation for explanation.
Type  H <return>  for immediate help.
 ...                                              
                                                  
l.4 ...—Ü–∏–∞—Ç–∏–≤–Ω–æ–µ –∫–æ–ª—å—Ü–æ —Å –¥–≤—É—Å
                                                  —Ç–æ—Ä–æ–Ω–Ω–µ–π –µ–¥–∏–Ω–...

You may provide a definition with
\DeclareUnicodeCharacter 


! Package inputenc Error: Unicode character —Ç (U+0442)
(inputenc)                not set up for use with LaTeX.

See the inputenc package documentation for explanation.
Type  H <return>  for immediate help.
 ...                                              
                                                  
l.4 ...–∏–∞—Ç–∏–≤–Ω–æ–µ –∫–æ–ª—å—Ü–æ —Å –¥–≤—É—Å—Ç
                                                  –æ—Ä–æ–Ω–Ω–µ–π –µ–¥–∏–Ω–∏—...

You may provide a definition with
\DeclareUnicodeCharacter 


! Package inputenc Error: Unicode character –æ (U+043E)
(inputenc)                not set up for use with LaTeX.

See the inputenc package documentation for explanation.
Type  H <return>  for immediate help.
 ...                                              
                                                  
l.4 ...–∞—Ç–∏–≤–Ω–æ–µ –∫–æ–ª—å—Ü–æ —Å –¥–≤—É—Å—Ç–æ
                                                  —Ä–æ–Ω–Ω–µ–π –µ–¥–∏–Ω–∏—Ü–...

You may provide a definition with
\DeclareUnicodeCharacter 


! Package inputenc Error: Unicode character —Ä (U+0440)
(inputenc)                not set up for use with LaTeX.

See the inputenc package documentation for explanation.
Type  H <return>  for immediate help.
 ...                                              
                                                  
l.4 ...—Ç–∏–≤–Ω–æ–µ –∫–æ–ª—å—Ü–æ —Å –¥–≤—É—Å—Ç–æ—Ä
                                                  –æ–Ω–Ω–µ–π –µ–¥–∏–Ω–∏—Ü–µ–π.
You may provide a definition with
\DeclareUnicodeCharacter 


! Package inputenc Error: Unicode character –æ (U+043E)
(inputenc)                not set up for use with LaTeX.

See the inputenc package documentation for explanation.
Type  H <return>  for immediate help.
 ...                                              
                                                  
l.4 ...–∏–≤–Ω–æ–µ –∫–æ–ª—å—Ü–æ —Å –¥–≤—É—Å—Ç–æ—Ä–æ
                                                  –Ω–Ω–µ–π –µ–¥–∏–Ω–∏—Ü–µ–π.
You may provide a definition with
\DeclareUnicodeCharacter 


! Package inputenc Error: Unicode character –Ω (U+043D)
(inputenc)                not set up for use with LaTeX.

See the inputenc package documentation for explanation.
Type  H <return>  for immediate help.
 ...                                              
                                                  
l.4 ...–≤–Ω–æ–µ –∫–æ–ª—å—Ü–æ —Å –¥–≤—É—Å—Ç–æ—Ä–æ–Ω
                                                  –Ω–µ–π –µ–¥–∏–Ω–∏—Ü–µ–π.
You may provide a definition with
\DeclareUnicodeCharacter 


! Package inputenc Error: Unicode character –Ω (U+043D)
(inputenc)                not set up for use with LaTeX.

See the inputenc package documentation for explanation.
Type  H <return>  for immediate help.
 ...                                              
                                                  
l.4 ...–Ω–æ–µ –∫–æ–ª—å—Ü–æ —Å –¥–≤—É—Å—Ç–æ—Ä–æ–Ω–Ω
                                                  –µ–π –µ–¥–∏–Ω–∏—Ü–µ–π.
You may provide a definition with
\DeclareUnicodeCharacter 


! Package inputenc Error: Unicode character –µ (U+0435)
(inputenc)                not set up for use with LaTeX.

See the inputenc package documentation for explanation.
Type  H <return>  for immediate help.
 ...                                              
                                                  
l.4 ...–æ–µ –∫–æ–ª—å—Ü–æ —Å –¥–≤—É—Å—Ç–æ—Ä–æ–Ω–Ω–µ
                                                  –π –µ–¥–∏–Ω–∏—Ü–µ–π.
You may provide a definition with
\DeclareUnicodeCharacter 


! Package inputenc Error: Unicode character –π (U+0439)
(inputenc)                not set up for use with LaTeX.

See the inputenc package documentation for explanation.
Type  H <return>  for immediate help.
 ...                                              
                                                  
l.4 ...–µ –∫–æ–ª—å—Ü–æ —Å –¥–≤—É—Å—Ç–æ—Ä–æ–Ω–Ω–µ–π
                                                   –µ–¥–∏–Ω–∏—Ü–µ–π.
You may provide a definition with
\DeclareUnicodeCharacter 


! Package inputenc Error: Unicode character –µ (U+0435)
(inputenc)                not set up for use with LaTeX.

See the inputenc package documentation for explanation.
Type  H <return>  for immediate help.
 ...                                              
                                                  
l.4 ...–∫–æ–ª—å—Ü–æ —Å –¥–≤—É—Å—Ç–æ—Ä–æ–Ω–Ω–µ–π –µ
                                                  –¥–∏–Ω–∏—Ü–µ–π.
You may provide a definition with
\DeclareUnicodeCharacter 


! Package inputenc Error: Unicode character –¥ (U+0434)
(inputenc)                not set up for use with LaTeX.

See the inputenc package documentation for explanation.
Type  H <return>  for immediate help.
 ...                                              
                                                  
l.4 ...–æ–ª—å—Ü–æ —Å –¥–≤—É—Å—Ç–æ—Ä–æ–Ω–Ω–µ–π –µ–¥
                                                  –∏–Ω–∏—Ü–µ–π.
You may provide a definition with
\DeclareUnicodeCharacter 


! Package inputenc Error: Unicode character –∏ (U+0438)
(inputenc)                not set up for use with LaTeX.

See the inputenc package documentation for explanation.
Type  H <return>  for immediate help.
 ...                                              
                                                  
l.4 ...–ª—å—Ü–æ —Å –¥–≤—É—Å—Ç–æ—Ä–æ–Ω–Ω–µ–π –µ–¥–∏
                                                  –Ω–∏—Ü–µ–π.
You may provide a definition with
\DeclareUnicodeCharacter 


! Package inputenc Error: Unicode character –Ω (U+043D)
(inputenc)                not set up for use with LaTeX.

See the inputenc package documentation for explanation.
Type  H <return>  for immediate help.
 ...                                              
                                                  
l.4 ...—å—Ü–æ —Å –¥–≤—É—Å—Ç–æ—Ä–æ–Ω–Ω–µ–π –µ–¥–∏–Ω
                                                  –∏—Ü–µ–π.
You may provide a definition with
\DeclareUnicodeCharacter 


! Package inputenc Error: Unicode character –∏ (U+0438)
(inputenc)                not set up for use with LaTeX.

See the inputenc package documentation for explanation.
Type  H <return>  for immediate help.
 ...                                              
                                                  
l.4 ...—Ü–æ —Å –¥–≤—É—Å—Ç–æ—Ä–æ–Ω–Ω–µ–π –µ–¥–∏–Ω–∏
                                                  —Ü–µ–π.
You may provide a definition with
\DeclareUnicodeCharacter 


! Package inputenc Error: Unicode character —Ü (U+0446)
(inputenc)                not set up for use with LaTeX.

See the inputenc package documentation for explanation.
Type  H <return>  for immediate help.
 ...                                              
                                                  
l.4 ...–æ —Å –¥–≤—É—Å—Ç–æ—Ä–æ–Ω–Ω–µ–π –µ–¥–∏–Ω–∏—Ü
                                                  –µ–π.
You may provide a definition with
\DeclareUnicodeCharacter 


! Package inputenc Error: Unicode character –µ (U+0435)
(inputenc)                not set up for use with LaTeX.

See the inputenc package documentation for explanation.
Type  H <return>  for immediate help.
 ...                                              
                                                  
l.4 ... —Å –¥–≤—É—Å—Ç–æ—Ä–æ–Ω–Ω–µ–π –µ–¥–∏–Ω–∏—Ü–µ
                                                  –π.
You may provide a definition with
\DeclareUnicodeCharacter 


! Package inputenc Error: Unicode character –π (U+0439)
(inputenc)                not set up for use with LaTeX.

See the inputenc package documentation for explanation.
Type  H <return>  for immediate help.
 ...                                              
                                                  
l.4 ...Å –¥–≤—É—Å—Ç–æ—Ä–æ–Ω–Ω–µ–π –µ–¥–∏–Ω–∏—Ü–µ–π
                                                  .
You may provide a definition with
\DeclareUnicodeCharacter 

Missing character: There is no . in font nullfont!

! Package inputenc Error: Unicode character –¢ (U+0422)
(inputenc)                not set up for use with LaTeX.

See the inputenc package documentation for explanation.
Type  H <return>  for immediate help.
 ...                                              
                                                  
l.5 	–¢
       –æ–≥–¥–∞ —Å–ª–µ–¥—É—é—â–∏–µ –æ–ø—Ä–µ–¥–µ–ª–µ–Ω–∏—è –ø–æ–¥–º–Ω–æ–∂–µ—Å...

You may provide a definition with
\DeclareUnicodeCharacter 


! Package inputenc Error: Unicode character –æ (U+043E)
(inputenc)                not set up for use with LaTeX.

See the inputenc package documentation for explanation.
Type  H <return>  for immediate help.
 ...                                              
                                                  
l.5 	–¢–æ
         –≥–¥–∞ —Å–ª–µ–¥—É—é—â–∏–µ –æ–ø—Ä–µ–¥–µ–ª–µ–Ω–∏—è –ø–æ–¥–º–Ω–æ–∂–µ—Å...

You may provide a definition with
\DeclareUnicodeCharacter 


! Package inputenc Error: Unicode character –≥ (U+0433)
(inputenc)                not set up for use with LaTeX.

See the inputenc package documentation for explanation.
Type  H <return>  for immediate help.
 ...                                              
                                                  
l.5 	–¢–æ–≥
           –¥–∞ —Å–ª–µ–¥—É—é—â–∏–µ –æ–ø—Ä–µ–¥–µ–ª–µ–Ω–∏—è –ø–æ–¥–º–Ω–æ–∂–µ—Å...

You may provide a definition with
\DeclareUnicodeCharacter 


! Package inputenc Error: Unicode character –¥ (U+0434)
(inputenc)                not set up for use with LaTeX.

See the inputenc package documentation for explanation.
Type  H <return>  for immediate help.
 ...                                              
                                                  
l.5 	–¢–æ–≥–¥
             –∞ —Å–ª–µ–¥—É—é—â–∏–µ –æ–ø—Ä–µ–¥–µ–ª–µ–Ω–∏—è –ø–æ–¥–º–Ω–æ–∂–µ—Å...

You may provide a definition with
\DeclareUnicodeCharacter 


! Package inputenc Error: Unicode character –∞ (U+0430)
(inputenc)                not set up for use with LaTeX.

See the inputenc package documentation for explanation.
Type  H <return>  for immediate help.
 ...                                              
                                                  
l.5 	–¢–æ–≥–¥–∞
                —Å–ª–µ–¥—É—é—â–∏–µ –æ–ø—Ä–µ–¥–µ–ª–µ–Ω–∏—è –ø–æ–¥–º–Ω–æ–∂–µ—Å...

You may provide a definition with
\DeclareUnicodeCharacter 


! Package inputenc Error: Unicode character —Å (U+0441)
(inputenc)                not set up for use with LaTeX.

See the inputenc package documentation for explanation.
Type  H <return>  for immediate help.
 ...                                              
                                                  
l.5 	–¢–æ–≥–¥–∞ —Å
                  –ª–µ–¥—É—é—â–∏–µ –æ–ø—Ä–µ–¥–µ–ª–µ–Ω–∏—è –ø–æ–¥–º–Ω–æ–∂–µ—Å...

You may provide a definition with
\DeclareUnicodeCharacter 


! Package inputenc Error: Unicode character –ª (U+043B)
(inputenc)                not set up for use with LaTeX.

See the inputenc package documentation for explanation.
Type  H <return>  for immediate help.
 ...                                              
                                                  
l.5 	–¢–æ–≥–¥–∞ —Å–ª
                    –µ–¥—É—é—â–∏–µ –æ–ø—Ä–µ–¥–µ–ª–µ–Ω–∏—è –ø–æ–¥–º–Ω–æ–∂–µ—Å...

You may provide a definition with
\DeclareUnicodeCharacter 


! Package inputenc Error: Unicode character –µ (U+0435)
(inputenc)                not set up for use with LaTeX.

See the inputenc package documentation for explanation.
Type  H <return>  for immediate help.
 ...                                              
                                                  
l.5 	–¢–æ–≥–¥–∞ —Å–ª–µ
                      –¥—É—é—â–∏–µ –æ–ø—Ä–µ–¥–µ–ª–µ–Ω–∏—è –ø–æ–¥–º–Ω–æ–∂–µ—Å...

You may provide a definition with
\DeclareUnicodeCharacter 


! Package inputenc Error: Unicode character –¥ (U+0434)
(inputenc)                not set up for use with LaTeX.

See the inputenc package documentation for explanation.
Type  H <return>  for immediate help.
 ...                                              
                                                  
l.5 	–¢–æ–≥–¥–∞ —Å–ª–µ–¥
                        —É—é—â–∏–µ –æ–ø—Ä–µ–¥–µ–ª–µ–Ω–∏—è –ø–æ–¥–º–Ω–æ–∂–µ—Å...

You may provide a definition with
\DeclareUnicodeCharacter 


! Package inputenc Error: Unicode character —É (U+0443)
(inputenc)                not set up for use with LaTeX.

See the inputenc package documentation for explanation.
Type  H <return>  for immediate help.
 ...                                              
                                                  
l.5 	–¢–æ–≥–¥–∞ —Å–ª–µ–¥—É
                          —é—â–∏–µ –æ–ø—Ä–µ–¥–µ–ª–µ–Ω–∏—è –ø–æ–¥–º–Ω–æ–∂–µ—Å...

You may provide a definition with
\DeclareUnicodeCharacter 


! Package inputenc Error: Unicode character —é (U+044E)
(inputenc)                not set up for use with LaTeX.

See the inputenc package documentation for explanation.
Type  H <return>  for immediate help.
 ...                                              
                                                  
l.5 	–¢–æ–≥–¥–∞ —Å–ª–µ–¥—É—é
                            —â–∏–µ –æ–ø—Ä–µ–¥–µ–ª–µ–Ω–∏—è –ø–æ–¥–º–Ω–æ–∂–µ—Å...

You may provide a definition with
\DeclareUnicodeCharacter 


! Package inputenc Error: Unicode character —â (U+0449)
(inputenc)                not set up for use with LaTeX.

See the inputenc package documentation for explanation.
Type  H <return>  for immediate help.
 ...                                              
                                                  
l.5 	–¢–æ–≥–¥–∞ —Å–ª–µ–¥—É—é—â
                              –∏–µ –æ–ø—Ä–µ–¥–µ–ª–µ–Ω–∏—è –ø–æ–¥–º–Ω–æ–∂–µ—Å...

You may provide a definition with
\DeclareUnicodeCharacter 


! Package inputenc Error: Unicode character –∏ (U+0438)
(inputenc)                not set up for use with LaTeX.

See the inputenc package documentation for explanation.
Type  H <return>  for immediate help.
 ...                                              
                                                  
l.5 	–¢–æ–≥–¥–∞ —Å–ª–µ–¥—É—é—â–∏
                                –µ –æ–ø—Ä–µ–¥–µ–ª–µ–Ω–∏—è –ø–æ–¥–º–Ω–æ–∂–µ—Å...

You may provide a definition with
\DeclareUnicodeCharacter 


! Package inputenc Error: Unicode character –µ (U+0435)
(inputenc)                not set up for use with LaTeX.

See the inputenc package documentation for explanation.
Type  H <return>  for immediate help.
 ...                                              
                                                  
l.5 	–¢–æ–≥–¥–∞ —Å–ª–µ–¥—É—é—â–∏–µ
                                   –æ–ø—Ä–µ–¥–µ–ª–µ–Ω–∏—è –ø–æ–¥–º–Ω–æ–∂–µ—Å...

You may provide a definition with
\DeclareUnicodeCharacter 


! Package inputenc Error: Unicode character –æ (U+043E)
(inputenc)                not set up for use with LaTeX.

See the inputenc package documentation for explanation.
Type  H <return>  for immediate help.
 ...                                              
                                                  
l.5 	–¢–æ–≥–¥–∞ —Å–ª–µ–¥—É—é—â–∏–µ –æ
                                     –ø—Ä–µ–¥–µ–ª–µ–Ω–∏—è –ø–æ–¥–º–Ω–æ–∂–µ—Å...

You may provide a definition with
\DeclareUnicodeCharacter 


! Package inputenc Error: Unicode character –ø (U+043F)
(inputenc)                not set up for use with LaTeX.

See the inputenc package documentation for explanation.
Type  H <return>  for immediate help.
 ...                                              
                                                  
l.5 	–¢–æ–≥–¥–∞ —Å–ª–µ–¥—É—é—â–∏–µ –æ–ø
                                       —Ä–µ–¥–µ–ª–µ–Ω–∏—è –ø–æ–¥–º–Ω–æ–∂–µ—Å...

You may provide a definition with
\DeclareUnicodeCharacter 


! Package inputenc Error: Unicode character —Ä (U+0440)
(inputenc)                not set up for use with LaTeX.

See the inputenc package documentation for explanation.
Type  H <return>  for immediate help.
 ...                                              
                                                  
l.5 	–¢–æ–≥–¥–∞ —Å–ª–µ–¥—É—é—â–∏–µ –æ–ø—Ä
                                         –µ–¥–µ–ª–µ–Ω–∏—è –ø–æ–¥–º–Ω–æ–∂–µ—Å...

You may provide a definition with
\DeclareUnicodeCharacter 


! Package inputenc Error: Unicode character –µ (U+0435)
(inputenc)                not set up for use with LaTeX.

See the inputenc package documentation for explanation.
Type  H <return>  for immediate help.
 ...                                              
                                                  
l.5 	–¢–æ–≥–¥–∞ —Å–ª–µ–¥—É—é—â–∏–µ –æ–ø—Ä–µ
                                           –¥–µ–ª–µ–Ω–∏—è –ø–æ–¥–º–Ω–æ–∂–µ—Å...

You may provide a definition with
\DeclareUnicodeCharacter 


! Package inputenc Error: Unicode character –¥ (U+0434)
(inputenc)                not set up for use with LaTeX.

See the inputenc package documentation for explanation.
Type  H <return>  for immediate help.
 ...                                              
                                                  
l.5 	–¢–æ–≥–¥–∞ —Å–ª–µ–¥—É—é—â–∏–µ –æ–ø—Ä–µ–¥
                                             –µ–ª–µ–Ω–∏—è –ø–æ–¥–º–Ω–æ–∂–µ—Å...

You may provide a definition with
\DeclareUnicodeCharacter 


! Package inputenc Error: Unicode character –µ (U+0435)
(inputenc)                not set up for use with LaTeX.

See the inputenc package documentation for explanation.
Type  H <return>  for immediate help.
 ...                                              
                                                  
l.5 	–¢–æ–≥–¥–∞ —Å–ª–µ–¥—É—é—â–∏–µ –æ–ø—Ä–µ–¥–µ
                                               –ª–µ–Ω–∏—è –ø–æ–¥–º–Ω–æ–∂–µ—Å...

You may provide a definition with
\DeclareUnicodeCharacter 


! Package inputenc Error: Unicode character –ª (U+043B)
(inputenc)                not set up for use with LaTeX.

See the inputenc package documentation for explanation.
Type  H <return>  for immediate help.
 ...                                              
                                                  
l.5 	–¢–æ–≥–¥–∞ —Å–ª–µ–¥—É—é—â–∏–µ –æ–ø—Ä–µ–¥–µ–ª
                                                 –µ–Ω–∏—è –ø–æ–¥–º–Ω–æ–∂–µ—Å...

You may provide a definition with
\DeclareUnicodeCharacter 


! Package inputenc Error: Unicode character –µ (U+0435)
(inputenc)                not set up for use with LaTeX.

See the inputenc package documentation for explanation.
Type  H <return>  for immediate help.
 ...                                              
                                                  
l.5 ...æ–≥–¥–∞ —Å–ª–µ–¥—É—é—â–∏–µ –æ–ø—Ä–µ–¥–µ–ª–µ
                                                  –Ω–∏—è –ø–æ–¥–º–Ω–æ–∂–µ—Å—...

You may provide a definition with
\DeclareUnicodeCharacter 


! Package inputenc Error: Unicode character –Ω (U+043D)
(inputenc)                not set up for use with LaTeX.

See the inputenc package documentation for explanation.
Type  H <return>  for immediate help.
 ...                                              
                                                  
l.5 ...≥–¥–∞ —Å–ª–µ–¥—É—é—â–∏–µ –æ–ø—Ä–µ–¥–µ–ª–µ–Ω
                                                  –∏—è –ø–æ–¥–º–Ω–æ–∂–µ—Å—Ç–...

You may provide a definition with
\DeclareUnicodeCharacter 


! Package inputenc Error: Unicode character –∏ (U+0438)
(inputenc)                not set up for use with LaTeX.

See the inputenc package documentation for explanation.
Type  H <return>  for immediate help.
 ...                                              
                                                  
l.5 ...¥–∞ —Å–ª–µ–¥—É—é—â–∏–µ –æ–ø—Ä–µ–¥–µ–ª–µ–Ω–∏
                                                  —è –ø–æ–¥–º–Ω–æ–∂–µ—Å—Ç–≤–...

You may provide a definition with
\DeclareUnicodeCharacter 


! Package inputenc Error: Unicode character —è (U+044F)
(inputenc)                not set up for use with LaTeX.

See the inputenc package documentation for explanation.
Type  H <return>  for immediate help.
 ...                                              
                                                  
l.5 ...∞ —Å–ª–µ–¥—É—é—â–∏–µ –æ–ø—Ä–µ–¥–µ–ª–µ–Ω–∏—è
                                                   –ø–æ–¥–º–Ω–æ–∂–µ—Å—Ç–≤–∞ ...

You may provide a definition with
\DeclareUnicodeCharacter 


! Package inputenc Error: Unicode character –ø (U+043F)
(inputenc)                not set up for use with LaTeX.

See the inputenc package documentation for explanation.
Type  H <return>  for immediate help.
 ...                                              
                                                  
l.5 ...Å–ª–µ–¥—É—é—â–∏–µ –æ–ø—Ä–µ–¥–µ–ª–µ–Ω–∏—è –ø
                                                  –æ–¥–º–Ω–æ–∂–µ—Å—Ç–≤–∞ $ \...

You may provide a definition with
\DeclareUnicodeCharacter 


! Package inputenc Error: Unicode character –æ (U+043E)
(inputenc)                not set up for use with LaTeX.

See the inputenc package documentation for explanation.
Type  H <return>  for immediate help.
 ...                                              
                                                  
l.5 ...ª–µ–¥—É—é—â–∏–µ –æ–ø—Ä–µ–¥–µ–ª–µ–Ω–∏—è –ø–æ
                                                  –¥–º–Ω–æ–∂–µ—Å—Ç–≤–∞ $ \Ra...

You may provide a definition with
\DeclareUnicodeCharacter 


! Package inputenc Error: Unicode character –¥ (U+0434)
(inputenc)                not set up for use with LaTeX.

See the inputenc package documentation for explanation.
Type  H <return>  for immediate help.
 ...                                              
                                                  
l.5 ...µ–¥—É—é—â–∏–µ –æ–ø—Ä–µ–¥–µ–ª–µ–Ω–∏—è –ø–æ–¥
                                                  –º–Ω–æ–∂–µ—Å—Ç–≤–∞ $ \Rad{...

You may provide a definition with
\DeclareUnicodeCharacter 


! Package inputenc Error: Unicode character –º (U+043C)
(inputenc)                not set up for use with LaTeX.

See the inputenc package documentation for explanation.
Type  H <return>  for immediate help.
 ...                                              
                                                  
l.5 ...¥—É—é—â–∏–µ –æ–ø—Ä–µ–¥–µ–ª–µ–Ω–∏—è –ø–æ–¥–º
                                                  –Ω–æ–∂–µ—Å—Ç–≤–∞ $ \Rad{A}...

You may provide a definition with
\DeclareUnicodeCharacter 


! Package inputenc Error: Unicode character –Ω (U+043D)
(inputenc)                not set up for use with LaTeX.

See the inputenc package documentation for explanation.
Type  H <return>  for immediate help.
 ...                                              
                                                  
l.5 ...É—é—â–∏–µ –æ–ø—Ä–µ–¥–µ–ª–µ–Ω–∏—è –ø–æ–¥–º–Ω
                                                  –æ–∂–µ—Å—Ç–≤–∞ $ \Rad{A} $...

You may provide a definition with
\DeclareUnicodeCharacter 


! Package inputenc Error: Unicode character –æ (U+043E)
(inputenc)                not set up for use with LaTeX.

See the inputenc package documentation for explanation.
Type  H <return>  for immediate help.
 ...                                              
                                                  
l.5 ...é—â–∏–µ –æ–ø—Ä–µ–¥–µ–ª–µ–Ω–∏—è –ø–æ–¥–º–Ω–æ
                                                  –∂–µ—Å—Ç–≤–∞ $ \Rad{A} $ —...

You may provide a definition with
\DeclareUnicodeCharacter 


! Package inputenc Error: Unicode character –∂ (U+0436)
(inputenc)                not set up for use with LaTeX.

See the inputenc package documentation for explanation.
Type  H <return>  for immediate help.
 ...                                              
                                                  
l.5 ...â–∏–µ –æ–ø—Ä–µ–¥–µ–ª–µ–Ω–∏—è –ø–æ–¥–º–Ω–æ–∂
                                                  –µ—Å—Ç–≤–∞ $ \Rad{A} $ —ç–...

You may provide a definition with
\DeclareUnicodeCharacter 


! Package inputenc Error: Unicode character –µ (U+0435)
(inputenc)                not set up for use with LaTeX.

See the inputenc package documentation for explanation.
Type  H <return>  for immediate help.
 ...                                              
                                                  
l.5 ...∏–µ –æ–ø—Ä–µ–¥–µ–ª–µ–Ω–∏—è –ø–æ–¥–º–Ω–æ–∂–µ
                                                  —Å—Ç–≤–∞ $ \Rad{A} $ —ç–∫–...

You may provide a definition with
\DeclareUnicodeCharacter 


! Package inputenc Error: Unicode character —Å (U+0441)
(inputenc)                not set up for use with LaTeX.

See the inputenc package documentation for explanation.
Type  H <return>  for immediate help.
 ...                                              
                                                  
l.5 ...µ –æ–ø—Ä–µ–¥–µ–ª–µ–Ω–∏—è –ø–æ–¥–º–Ω–æ–∂–µ—Å
                                                  —Ç–≤–∞ $ \Rad{A} $ —ç–∫–≤–...

You may provide a definition with
\DeclareUnicodeCharacter 


! Package inputenc Error: Unicode character —Ç (U+0442)
(inputenc)                not set up for use with LaTeX.

See the inputenc package documentation for explanation.
Type  H <return>  for immediate help.
 ...                                              
                                                  
l.5 ...–æ–ø—Ä–µ–¥–µ–ª–µ–Ω–∏—è –ø–æ–¥–º–Ω–æ–∂–µ—Å—Ç
                                                  –≤–∞ $ \Rad{A} $ —ç–∫–≤–∏–...

You may provide a definition with
\DeclareUnicodeCharacter 


! Package inputenc Error: Unicode character –≤ (U+0432)
(inputenc)                not set up for use with LaTeX.

See the inputenc package documentation for explanation.
Type  H <return>  for immediate help.
 ...                                              
                                                  
l.5 ...–ø—Ä–µ–¥–µ–ª–µ–Ω–∏—è –ø–æ–¥–º–Ω–æ–∂–µ—Å—Ç–≤
                                                  –∞ $ \Rad{A} $ —ç–∫–≤–∏–≤–...

You may provide a definition with
\DeclareUnicodeCharacter 


! Package inputenc Error: Unicode character –∞ (U+0430)
(inputenc)                not set up for use with LaTeX.

See the inputenc package documentation for explanation.
Type  H <return>  for immediate help.
 ...                                              
                                                  
l.5 ...—Ä–µ–¥–µ–ª–µ–Ω–∏—è –ø–æ–¥–º–Ω–æ–∂–µ—Å—Ç–≤–∞
                                                   $ \Rad{A} $ —ç–∫–≤–∏–≤–∞–...

You may provide a definition with
\DeclareUnicodeCharacter 

! Undefined control sequence.
l.5 ...µ–ª–µ–Ω–∏—è –ø–æ–¥–º–Ω–æ–∂–µ—Å—Ç–≤–∞ $ \Rad
                                                  {A} $ —ç–∫–≤–∏–≤–∞–ª–µ–Ω—Ç...
The control sequence at the end of the top line
of your error message was never \def'ed. If you have
misspelled it (e.g., `\hobx'), type `I' and the correct
spelling (e.g., `I\hbox'). Otherwise just continue,
and I'll forget about whatever was undefined.


! Package inputenc Error: Unicode character —ç (U+044D)
(inputenc)                not set up for use with LaTeX.

See the inputenc package documentation for explanation.
Type  H <return>  for immediate help.
 ...                                              
                                                  
l.5 ...∏—è –ø–æ–¥–º–Ω–æ–∂–µ—Å—Ç–≤–∞ $ \Rad{A} $ —ç
                                                  –∫–≤–∏–≤–∞–ª–µ–Ω—Ç–Ω—ã:
You may provide a definition with
\DeclareUnicodeCharacter 


! Package inputenc Error: Unicode character –∫ (U+043A)
(inputenc)                not set up for use with LaTeX.

See the inputenc package documentation for explanation.
Type  H <return>  for immediate help.
 ...                                              
                                                  
l.5 ...è –ø–æ–¥–º–Ω–æ–∂–µ—Å—Ç–≤–∞ $ \Rad{A} $ —ç–∫
                                                  –≤–∏–≤–∞–ª–µ–Ω—Ç–Ω—ã:
You may provide a definition with
\DeclareUnicodeCharacter 


! Package inputenc Error: Unicode character –≤ (U+0432)
(inputenc)                not set up for use with LaTeX.

See the inputenc package documentation for explanation.
Type  H <return>  for immediate help.
 ...                                              
                                                  
l.5 ...–ø–æ–¥–º–Ω–æ–∂–µ—Å—Ç–≤–∞ $ \Rad{A} $ —ç–∫–≤
                                                  –∏–≤–∞–ª–µ–Ω—Ç–Ω—ã:
You may provide a definition with
\DeclareUnicodeCharacter 


! Package inputenc Error: Unicode character –∏ (U+0438)
(inputenc)                not set up for use with LaTeX.

See the inputenc package documentation for explanation.
Type  H <return>  for immediate help.
 ...                                              
                                                  
l.5 ...–æ–¥–º–Ω–æ–∂–µ—Å—Ç–≤–∞ $ \Rad{A} $ —ç–∫–≤–∏
                                                  –≤–∞–ª–µ–Ω—Ç–Ω—ã:
You may provide a definition with
\DeclareUnicodeCharacter 


! Package inputenc Error: Unicode character –≤ (U+0432)
(inputenc)                not set up for use with LaTeX.

See the inputenc package documentation for explanation.
Type  H <return>  for immediate help.
 ...                                              
                                                  
l.5 ...–¥–º–Ω–æ–∂–µ—Å—Ç–≤–∞ $ \Rad{A} $ —ç–∫–≤–∏–≤
                                                  –∞–ª–µ–Ω—Ç–Ω—ã:
You may provide a definition with
\DeclareUnicodeCharacter 


! Package inputenc Error: Unicode character –∞ (U+0430)
(inputenc)                not set up for use with LaTeX.

See the inputenc package documentation for explanation.
Type  H <return>  for immediate help.
 ...                                              
                                                  
l.5 ...–º–Ω–æ–∂–µ—Å—Ç–≤–∞ $ \Rad{A} $ —ç–∫–≤–∏–≤–∞
                                                  –ª–µ–Ω—Ç–Ω—ã:
You may provide a definition with
\DeclareUnicodeCharacter 


! Package inputenc Error: Unicode character –ª (U+043B)
(inputenc)                not set up for use with LaTeX.

See the inputenc package documentation for explanation.
Type  H <return>  for immediate help.
 ...                                              
                                                  
l.5 ...–Ω–æ–∂–µ—Å—Ç–≤–∞ $ \Rad{A} $ —ç–∫–≤–∏–≤–∞–ª
                                                  –µ–Ω—Ç–Ω—ã:
You may provide a definition with
\DeclareUnicodeCharacter 


! Package inputenc Error: Unicode character –µ (U+0435)
(inputenc)                not set up for use with LaTeX.

See the inputenc package documentation for explanation.
Type  H <return>  for immediate help.
 ...                                              
                                                  
l.5 ...–æ–∂–µ—Å—Ç–≤–∞ $ \Rad{A} $ —ç–∫–≤–∏–≤–∞–ª–µ
                                                  –Ω—Ç–Ω—ã:
You may provide a definition with
\DeclareUnicodeCharacter 


! Package inputenc Error: Unicode character –Ω (U+043D)
(inputenc)                not set up for use with LaTeX.

See the inputenc package documentation for explanation.
Type  H <return>  for immediate help.
 ...                                              
                                                  
l.5 ...–∂–µ—Å—Ç–≤–∞ $ \Rad{A} $ —ç–∫–≤–∏–≤–∞–ª–µ–Ω
                                                  —Ç–Ω—ã:
You may provide a definition with
\DeclareUnicodeCharacter 


! Package inputenc Error: Unicode character —Ç (U+0442)
(inputenc)                not set up for use with LaTeX.

See the inputenc package documentation for explanation.
Type  H <return>  for immediate help.
 ...                                              
                                                  
l.5 ...–µ—Å—Ç–≤–∞ $ \Rad{A} $ —ç–∫–≤–∏–≤–∞–ª–µ–Ω—Ç
                                                  –Ω—ã:
You may provide a definition with
\DeclareUnicodeCharacter 


! Package inputenc Error: Unicode character –Ω (U+043D)
(inputenc)                not set up for use with LaTeX.

See the inputenc package documentation for explanation.
Type  H <return>  for immediate help.
 ...                                              
                                                  
l.5 ...—Å—Ç–≤–∞ $ \Rad{A} $ —ç–∫–≤–∏–≤–∞–ª–µ–Ω—Ç–Ω
                                                  —ã:
You may provide a definition with
\DeclareUnicodeCharacter 


! Package inputenc Error: Unicode character —ã (U+044B)
(inputenc)                not set up for use with LaTeX.

See the inputenc package documentation for explanation.
Type  H <return>  for immediate help.
 ...                                              
                                                  
l.5 ...—Ç–≤–∞ $ \Rad{A} $ —ç–∫–≤–∏–≤–∞–ª–µ–Ω—Ç–Ω—ã
                                                  :
You may provide a definition with
\DeclareUnicodeCharacter 

Missing character: There is no : in font nullfont!

Overfull \hbox (27.67015pt too wide) in paragraph at lines 4--6
[]$\OML/cmm/m/it/10 R$
 []


Overfull \hbox (7.50002pt too wide) in paragraph at lines 4--6
\OML/cmm/m/it/10 A$ 
 []


! Package inputenc Error: Unicode character –∞ (U+0430)
(inputenc)                not set up for use with LaTeX.

See the inputenc package documentation for explanation.
Type  H <return>  for immediate help.
 ...                                              
                                                  
l.7 		\item –∞
              –ø–∞
You may provide a definition with
\DeclareUnicodeCharacter 


! Package inputenc Error: Unicode character –ø (U+043F)
(inputenc)                not set up for use with LaTeX.

See the inputenc package documentation for explanation.
Type  H <return>  for immediate help.
 ...                                              
                                                  
l.7 		\item –∞–ø
                –∞
You may provide a definition with
\DeclareUnicodeCharacter 


! Package inputenc Error: Unicode character –∞ (U+0430)
(inputenc)                not set up for use with LaTeX.

See the inputenc package documentation for explanation.
Type  H <return>  for immediate help.
 ...                                              
                                                  
l.7 		\item –∞–ø–∞
                  
You may provide a definition with
\DeclareUnicodeCharacter 


! LaTeX Error: \begin{document} ended by \end{theorem}.

See the LaTeX manual or LaTeX Companion for explanation.
Type  H <return>  for immediate help.
 ...                                              
                                                  
l.9 \end{theorem}
                 
Your command was ignored.
Type  I <command> <return>  to replace it with another command,
or  <return>  to continue without it.

)
! Emergency stop.
<*> ./Jacobson_Radical.tex
                          
*** (job aborted, no legal \end found)

 
Here is how much of TeX's memory you used:
 39 strings out of 492446
 483 string characters out of 3129615
 58999 words of memory out of 3000000
 4501 multiletter control sequences out of 15000+200000
 3640 words of font info for 14 fonts, out of 3000000 for 9000
 1141 hyphenation exceptions out of 8191
 18i,2n,12p,148b,98s stack positions out of 5000i,500n,10000p,200000b,50000s
!  ==> Fatal error occurred, no output PDF file produced!
